2023-09-28 13:33:12,671 - INFO - Initializing DataBot...
2023-09-28 13:33:12,677 - INFO - Running data collection cycle... Total time elapsed: 0s, Time since last fetch: 0s.
2023-09-28 13:33:12,677 - INFO - Fetching data since 1695772800...
2023-09-28 13:33:13,759 - INFO - Fetched 1000 new data rows.
2023-09-28 13:33:15,768 - INFO - Running data collection cycle... Total time elapsed: 3s, Time since last fetch: 3s.
2023-09-28 13:33:15,768 - INFO - Fetching data since 1695779088...
2023-09-28 13:33:16,817 - INFO - Fetched 1000 new data rows.
2023-09-28 13:33:18,826 - INFO - Running data collection cycle... Total time elapsed: 6s, Time since last fetch: 3s.
2023-09-28 13:33:18,826 - INFO - Fetching data since 1695788587...
2023-09-28 13:33:20,011 - INFO - Fetched 1000 new data rows.
2023-09-28 13:33:22,016 - INFO - Running data collection cycle... Total time elapsed: 10s, Time since last fetch: 4s.
2023-09-28 13:33:22,016 - INFO - Fetching data since 1695797412...
2023-09-28 13:33:23,059 - INFO - Fetched 1000 new data rows.
2023-09-28 13:33:25,069 - INFO - Running data collection cycle... Total time elapsed: 13s, Time since last fetch: 3s.
2023-09-28 13:33:25,069 - INFO - Fetching data since 1695806278...
2023-09-28 13:33:26,390 - INFO - Fetched 1000 new data rows.
2023-09-28 13:33:28,401 - INFO - Running data collection cycle... Total time elapsed: 16s, Time since last fetch: 3s.
2023-09-28 13:33:28,401 - INFO - Fetching data since 1695809562...
2023-09-28 13:33:29,435 - INFO - Fetched 1000 new data rows.
2023-09-28 13:33:31,440 - INFO - Running data collection cycle... Total time elapsed: 19s, Time since last fetch: 3s.
2023-09-28 13:33:31,440 - INFO - Fetching data since 1695813623...
2023-09-28 13:33:32,564 - INFO - Fetched 1000 new data rows.
2023-09-28 13:33:34,580 - INFO - Running data collection cycle... Total time elapsed: 22s, Time since last fetch: 3s.
2023-09-28 13:33:34,580 - INFO - Fetching data since 1695815380...
2023-09-28 13:33:35,655 - INFO - Fetched 1000 new data rows.
2023-09-28 13:33:37,656 - INFO - Running data collection cycle... Total time elapsed: 25s, Time since last fetch: 3s.
2023-09-28 13:33:37,656 - INFO - Fetching data since 1695817792...
2023-09-28 13:33:38,853 - INFO - Fetched 1000 new data rows.
2023-09-28 13:33:40,869 - INFO - Running data collection cycle... Total time elapsed: 28s, Time since last fetch: 3s.
2023-09-28 13:33:40,869 - INFO - Fetching data since 1695821890...
2023-09-28 13:33:41,935 - INFO - Fetched 1000 new data rows.
2023-09-28 13:33:43,938 - INFO - Running data collection cycle... Total time elapsed: 31s, Time since last fetch: 3s.
2023-09-28 13:33:43,938 - INFO - Fetching data since 1695824133...
2023-09-28 13:33:44,870 - INFO - Fetched 1000 new data rows.
2023-09-28 13:33:46,873 - INFO - Running data collection cycle... Total time elapsed: 34s, Time since last fetch: 3s.
2023-09-28 13:33:46,873 - INFO - Fetching data since 1695825128...
2023-09-28 13:33:47,887 - INFO - Fetched 1000 new data rows.
2023-09-28 13:33:49,891 - INFO - Running data collection cycle... Total time elapsed: 37s, Time since last fetch: 3s.
2023-09-28 13:33:49,891 - INFO - Fetching data since 1695827506...
2023-09-28 13:33:50,757 - INFO - Fetched 1000 new data rows.
2023-09-28 13:33:52,774 - INFO - Running data collection cycle... Total time elapsed: 40s, Time since last fetch: 3s.
2023-09-28 13:33:52,774 - INFO - Fetching data since 1695831140...
2023-09-28 13:33:53,854 - INFO - Fetched 1000 new data rows.
2023-09-28 13:33:55,859 - INFO - Running data collection cycle... Total time elapsed: 43s, Time since last fetch: 3s.
2023-09-28 13:33:55,859 - INFO - Fetching data since 1695835027...
2023-09-28 13:33:56,744 - INFO - Fetched 1000 new data rows.
2023-09-28 13:33:58,754 - INFO - Running data collection cycle... Total time elapsed: 46s, Time since last fetch: 3s.
2023-09-28 13:33:58,754 - INFO - Fetching data since 1695838044...
2023-09-28 13:33:59,737 - INFO - Fetched 1000 new data rows.
2023-09-28 13:34:01,743 - INFO - Running data collection cycle... Total time elapsed: 49s, Time since last fetch: 3s.
2023-09-28 13:34:01,743 - INFO - Fetching data since 1695841600...
2023-09-28 13:34:02,697 - INFO - Fetched 1000 new data rows.
2023-09-28 13:34:04,703 - INFO - Running data collection cycle... Total time elapsed: 52s, Time since last fetch: 3s.
2023-09-28 13:34:04,703 - INFO - Fetching data since 1695845516...
2023-09-28 13:34:05,596 - INFO - Fetched 1000 new data rows.
2023-09-28 13:34:07,602 - INFO - Running data collection cycle... Total time elapsed: 55s, Time since last fetch: 3s.
2023-09-28 13:34:07,602 - INFO - Fetching data since 1695849675...
2023-09-28 13:34:08,770 - INFO - Fetched 1000 new data rows.
2023-09-28 13:34:10,787 - INFO - Running data collection cycle... Total time elapsed: 58s, Time since last fetch: 3s.
2023-09-28 13:34:10,787 - INFO - Fetching data since 1695854168...
2023-09-28 13:34:11,833 - INFO - Fetched 1000 new data rows.
2023-09-28 13:34:13,846 - INFO - Running data collection cycle... Total time elapsed: 61s, Time since last fetch: 3s.
2023-09-28 13:34:13,846 - INFO - Fetching data since 1695859199...
2023-09-28 13:34:15,077 - INFO - Fetched 1000 new data rows.
2023-09-28 13:34:17,158 - INFO - Data saved to ./output/2023-09-26.csv
2023-09-28 13:36:06,297 - INFO - Initializing DataBot...
2023-09-28 13:36:06,304 - INFO - Running data collection cycle... Total time elapsed: 0s, Time since last fetch: 0s.
2023-09-28 13:36:06,304 - INFO - Fetching data since 1695772800...
2023-09-28 13:36:07,342 - INFO - Fetched 1000 new data rows.
2023-09-28 13:36:09,353 - INFO - Running data collection cycle... Total time elapsed: 3s, Time since last fetch: 3s.
2023-09-28 13:36:09,353 - INFO - Fetching data since 1695779088...
2023-09-28 13:36:10,245 - INFO - Fetched 1000 new data rows.
2023-09-28 13:36:12,252 - INFO - Running data collection cycle... Total time elapsed: 6s, Time since last fetch: 3s.
2023-09-28 13:36:12,252 - INFO - Fetching data since 1695788587...
2023-09-28 13:36:13,288 - INFO - Fetched 1000 new data rows.
2023-09-28 13:36:15,294 - INFO - Running data collection cycle... Total time elapsed: 9s, Time since last fetch: 3s.
2023-09-28 13:36:15,294 - INFO - Fetching data since 1695797412...
2023-09-28 13:36:16,183 - INFO - Fetched 1000 new data rows.
2023-09-28 13:36:18,195 - INFO - Running data collection cycle... Total time elapsed: 12s, Time since last fetch: 3s.
2023-09-28 13:36:18,195 - INFO - Fetching data since 1695806278...
2023-09-28 13:36:19,101 - INFO - Fetched 1000 new data rows.
2023-09-28 13:36:21,117 - INFO - Running data collection cycle... Total time elapsed: 15s, Time since last fetch: 3s.
2023-09-28 13:36:21,117 - INFO - Fetching data since 1695809562...
2023-09-28 13:36:22,078 - INFO - Fetched 1000 new data rows.
2023-09-28 13:36:24,091 - INFO - Running data collection cycle... Total time elapsed: 18s, Time since last fetch: 3s.
2023-09-28 13:36:24,091 - INFO - Fetching data since 1695813623...
2023-09-28 13:36:25,050 - INFO - Fetched 1000 new data rows.
2023-09-28 13:36:27,060 - INFO - Running data collection cycle... Total time elapsed: 21s, Time since last fetch: 3s.
2023-09-28 13:36:27,060 - INFO - Fetching data since 1695815380...
2023-09-28 13:36:28,090 - INFO - Fetched 1000 new data rows.
2023-09-28 13:36:30,104 - INFO - Running data collection cycle... Total time elapsed: 24s, Time since last fetch: 3s.
2023-09-28 13:36:30,104 - INFO - Fetching data since 1695817792...
2023-09-28 13:36:31,350 - INFO - Fetched 1000 new data rows.
2023-09-28 13:36:33,358 - INFO - Running data collection cycle... Total time elapsed: 27s, Time since last fetch: 3s.
2023-09-28 13:36:33,358 - INFO - Fetching data since 1695821890...
2023-09-28 13:36:34,264 - INFO - Fetched 1000 new data rows.
2023-09-28 13:36:36,278 - INFO - Running data collection cycle... Total time elapsed: 30s, Time since last fetch: 3s.
2023-09-28 13:36:36,278 - INFO - Fetching data since 1695824133...
2023-09-28 13:36:37,152 - INFO - Fetched 1000 new data rows.
2023-09-28 13:36:39,169 - INFO - Running data collection cycle... Total time elapsed: 33s, Time since last fetch: 3s.
2023-09-28 13:36:39,169 - INFO - Fetching data since 1695825128...
2023-09-28 13:36:40,286 - INFO - Fetched 1000 new data rows.
2023-09-28 13:36:42,298 - INFO - Running data collection cycle... Total time elapsed: 36s, Time since last fetch: 3s.
2023-09-28 13:36:42,298 - INFO - Fetching data since 1695827506...
2023-09-28 13:36:43,394 - INFO - Fetched 1000 new data rows.
2023-09-28 13:36:45,400 - INFO - Running data collection cycle... Total time elapsed: 39s, Time since last fetch: 3s.
2023-09-28 13:36:45,400 - INFO - Fetching data since 1695831140...
2023-09-28 13:36:46,516 - INFO - Fetched 1000 new data rows.
2023-09-28 13:36:48,524 - INFO - Running data collection cycle... Total time elapsed: 42s, Time since last fetch: 3s.
2023-09-28 13:36:48,524 - INFO - Fetching data since 1695835027...
2023-09-28 13:36:49,442 - INFO - Fetched 1000 new data rows.
2023-09-28 13:36:51,457 - INFO - Running data collection cycle... Total time elapsed: 45s, Time since last fetch: 3s.
2023-09-28 13:36:51,457 - INFO - Fetching data since 1695838044...
2023-09-28 13:36:52,350 - INFO - Fetched 1000 new data rows.
2023-09-28 13:36:54,362 - INFO - Running data collection cycle... Total time elapsed: 48s, Time since last fetch: 3s.
2023-09-28 13:36:54,362 - INFO - Fetching data since 1695841600...
2023-09-28 13:36:55,483 - INFO - Fetched 1000 new data rows.
2023-09-28 13:36:57,487 - INFO - Running data collection cycle... Total time elapsed: 51s, Time since last fetch: 3s.
2023-09-28 13:36:57,487 - INFO - Fetching data since 1695845516...
2023-09-28 13:36:58,521 - INFO - Fetched 1000 new data rows.
2023-09-28 13:37:00,533 - INFO - Running data collection cycle... Total time elapsed: 54s, Time since last fetch: 3s.
2023-09-28 13:37:00,533 - INFO - Fetching data since 1695849675...
2023-09-28 13:37:01,730 - INFO - Fetched 1000 new data rows.
2023-09-28 13:37:03,733 - INFO - Running data collection cycle... Total time elapsed: 57s, Time since last fetch: 3s.
2023-09-28 13:37:03,733 - INFO - Fetching data since 1695854168...
2023-09-28 13:37:04,669 - INFO - Fetched 1000 new data rows.
2023-09-28 13:37:06,676 - INFO - Running data collection cycle... Total time elapsed: 60s, Time since last fetch: 3s.
2023-09-28 13:37:06,676 - INFO - Fetching data since 1695859199...
2023-09-28 13:37:07,823 - INFO - Fetched 1000 new data rows.
2023-09-28 13:37:09,916 - INFO - Data saved to ./output/2023-09-26.csv
2023-09-28 13:48:21,839 - INFO - Initializing DataBot...
2023-09-28 13:48:21,845 - INFO - Running data collection cycle... Total time elapsed: 0s, Time since last fetch: 0s.
2023-09-28 13:48:21,845 - INFO - Fetching data since 1695772800...
2023-09-28 13:48:22,846 - INFO - Fetched 1000 new data rows.
2023-09-28 13:48:24,862 - INFO - Running data collection cycle... Total time elapsed: 3s, Time since last fetch: 3s.
2023-09-28 13:48:24,862 - INFO - Fetching data since 1695779088...
2023-09-28 13:48:25,881 - INFO - Fetched 1000 new data rows.
2023-09-28 13:48:27,896 - INFO - Running data collection cycle... Total time elapsed: 6s, Time since last fetch: 3s.
2023-09-28 13:48:27,896 - INFO - Fetching data since 1695788587...
2023-09-28 13:48:29,094 - INFO - Fetched 1000 new data rows.
2023-09-28 13:48:31,102 - INFO - Running data collection cycle... Total time elapsed: 10s, Time since last fetch: 4s.
2023-09-28 13:48:31,102 - INFO - Fetching data since 1695797412...
2023-09-28 13:48:32,079 - INFO - Fetched 1000 new data rows.
2023-09-28 13:48:34,087 - INFO - Running data collection cycle... Total time elapsed: 13s, Time since last fetch: 3s.
2023-09-28 13:48:34,087 - INFO - Fetching data since 1695806278...
2023-09-28 13:48:35,276 - INFO - Fetched 1000 new data rows.
2023-09-28 13:48:37,284 - INFO - Running data collection cycle... Total time elapsed: 16s, Time since last fetch: 3s.
2023-09-28 13:48:37,284 - INFO - Fetching data since 1695809562...
2023-09-28 13:48:38,551 - INFO - Fetched 1000 new data rows.
2023-09-28 13:48:40,557 - INFO - Running data collection cycle... Total time elapsed: 19s, Time since last fetch: 3s.
2023-09-28 13:48:40,557 - INFO - Fetching data since 1695813623...
2023-09-28 13:48:41,718 - INFO - Fetched 1000 new data rows.
2023-09-28 13:48:43,733 - INFO - Running data collection cycle... Total time elapsed: 22s, Time since last fetch: 3s.
2023-09-28 13:48:43,733 - INFO - Fetching data since 1695815380...
2023-09-28 13:48:44,907 - INFO - Fetched 1000 new data rows.
2023-09-28 13:48:46,917 - INFO - Running data collection cycle... Total time elapsed: 25s, Time since last fetch: 3s.
2023-09-28 13:48:46,917 - INFO - Fetching data since 1695817792...
2023-09-28 13:48:47,924 - INFO - Fetched 1000 new data rows.
2023-09-28 13:48:49,934 - INFO - Running data collection cycle... Total time elapsed: 28s, Time since last fetch: 3s.
2023-09-28 13:48:49,934 - INFO - Fetching data since 1695821890...
2023-09-28 13:48:51,021 - INFO - Fetched 1000 new data rows.
2023-09-28 13:48:53,035 - INFO - Running data collection cycle... Total time elapsed: 32s, Time since last fetch: 4s.
2023-09-28 13:48:53,035 - INFO - Fetching data since 1695824133...
2023-09-28 13:48:54,187 - INFO - Fetched 1000 new data rows.
2023-09-28 13:48:56,202 - INFO - Running data collection cycle... Total time elapsed: 35s, Time since last fetch: 3s.
2023-09-28 13:48:56,202 - INFO - Fetching data since 1695825128...
2023-09-28 13:48:57,083 - INFO - Fetched 1000 new data rows.
2023-09-28 13:48:59,092 - INFO - Running data collection cycle... Total time elapsed: 38s, Time since last fetch: 3s.
2023-09-28 13:48:59,092 - INFO - Fetching data since 1695827506...
2023-09-28 13:49:00,322 - INFO - Fetched 1000 new data rows.
2023-09-28 13:49:02,340 - INFO - Running data collection cycle... Total time elapsed: 41s, Time since last fetch: 3s.
2023-09-28 13:49:02,340 - INFO - Fetching data since 1695831140...
2023-09-28 13:49:03,492 - INFO - Fetched 1000 new data rows.
2023-09-28 13:49:05,495 - INFO - Running data collection cycle... Total time elapsed: 44s, Time since last fetch: 3s.
2023-09-28 13:49:05,495 - INFO - Fetching data since 1695835027...
2023-09-28 13:49:06,620 - INFO - Fetched 1000 new data rows.
2023-09-28 13:49:08,630 - INFO - Running data collection cycle... Total time elapsed: 47s, Time since last fetch: 3s.
2023-09-28 13:49:08,630 - INFO - Fetching data since 1695838044...
2023-09-28 13:49:09,634 - INFO - Fetched 1000 new data rows.
2023-09-28 13:49:11,644 - INFO - Running data collection cycle... Total time elapsed: 50s, Time since last fetch: 3s.
2023-09-28 13:49:11,644 - INFO - Fetching data since 1695841600...
2023-09-28 13:49:12,660 - INFO - Fetched 1000 new data rows.
2023-09-28 13:49:14,663 - INFO - Running data collection cycle... Total time elapsed: 53s, Time since last fetch: 3s.
2023-09-28 13:49:14,663 - INFO - Fetching data since 1695845516...
2023-09-28 13:49:15,793 - INFO - Fetched 1000 new data rows.
2023-09-28 13:49:17,800 - INFO - Running data collection cycle... Total time elapsed: 56s, Time since last fetch: 3s.
2023-09-28 13:49:17,800 - INFO - Fetching data since 1695849675...
2023-09-28 13:49:18,983 - INFO - Fetched 1000 new data rows.
2023-09-28 13:49:20,999 - INFO - Running data collection cycle... Total time elapsed: 59s, Time since last fetch: 3s.
2023-09-28 13:49:20,999 - INFO - Fetching data since 1695854168...
2023-09-28 13:49:21,966 - INFO - Fetched 1000 new data rows.
2023-09-28 13:49:23,981 - INFO - Running data collection cycle... Total time elapsed: 62s, Time since last fetch: 3s.
2023-09-28 13:49:23,981 - INFO - Fetching data since 1695859199...
2023-09-28 13:49:25,114 - INFO - Fetched 1000 new data rows.
2023-09-28 13:49:28,026 - INFO - Images saved to plots/Bollinger_Plot_20230927_175800.png
2023-09-28 13:49:28,071 - INFO - Data saved to ./output/2023-09-26.csv
