2023-10-13 18:46:06,627 - INFO - Converting to dataframe...
2023-10-13 18:46:09,124 - INFO - Converting to dataframe...
2023-10-13 18:46:09,147 - INFO - Converting to dataframe...
2023-10-13 18:46:09,159 - INFO - Converting to dataframe...
2023-10-13 18:46:11,033 - INFO - Converting to dataframe...
2023-10-13 18:46:11,174 - INFO - Converting to dataframe...
2023-10-13 18:46:15,160 - INFO - Converting to dataframe...
2023-10-13 18:46:20,934 - INFO - Starting backtest...
2023-10-13 18:46:20,935 - INFO - Total data points for backtest: 484
2023-10-13 18:46:20,936 - INFO - Checking data point 2/484...
2023-10-13 18:46:20,937 - INFO - Trigger conditions not met.
2023-10-13 18:46:20,938 - INFO - Checking data point 3/484...
2023-10-13 18:46:20,940 - INFO - Trigger conditions not met.
2023-10-13 18:46:20,940 - INFO - Checking data point 4/484...
2023-10-13 18:46:20,940 - INFO - Trigger conditions not met.
2023-10-13 18:46:20,940 - INFO - Checking data point 5/484...
2023-10-13 18:46:20,941 - INFO - Trigger conditions not met.
2023-10-13 18:46:20,941 - INFO - Checking data point 6/484...
2023-10-13 18:46:20,941 - INFO - Trigger conditions not met.
2023-10-13 18:46:20,942 - INFO - Checking data point 7/484...
2023-10-13 18:46:20,942 - INFO - Trigger conditions not met.
2023-10-13 18:46:20,942 - INFO - Checking data point 8/484...
2023-10-13 18:46:20,943 - INFO - Trigger conditions not met.
2023-10-13 18:46:20,943 - INFO - Checking data point 9/484...
2023-10-13 18:46:20,943 - INFO - Trigger conditions not met.
2023-10-13 18:46:20,944 - INFO - Checking data point 10/484...
2023-10-13 18:46:20,944 - INFO - Trigger conditions not met.
2023-10-13 18:46:20,944 - INFO - Checking data point 11/484...
2023-10-13 18:46:20,944 - INFO - Trigger conditions not met.
2023-10-13 18:46:20,945 - INFO - Checking data point 12/484...
2023-10-13 18:46:20,945 - INFO - Trigger conditions not met.
2023-10-13 18:46:20,945 - INFO - Checking data point 13/484...
2023-10-13 18:46:20,946 - INFO - Trigger conditions not met.
2023-10-13 18:46:20,946 - INFO - Checking data point 14/484...
2023-10-13 18:46:20,946 - INFO - Trigger conditions not met.
2023-10-13 18:46:20,947 - INFO - Checking data point 15/484...
2023-10-13 18:46:20,947 - INFO - Trigger conditions not met.
2023-10-13 18:46:20,947 - INFO - Checking data point 16/484...
2023-10-13 18:46:20,948 - INFO - Trigger conditions not met.
2023-10-13 18:46:20,948 - INFO - Checking data point 17/484...
2023-10-13 18:46:20,948 - INFO - Trigger conditions not met.
2023-10-13 18:46:20,949 - INFO - Checking data point 18/484...
2023-10-13 18:46:20,949 - INFO - Trigger conditions not met.
2023-10-13 18:46:20,949 - INFO - Checking data point 19/484...
2023-10-13 18:46:20,949 - INFO - Trigger conditions not met.
2023-10-13 18:46:20,950 - INFO - Checking data point 20/484...
2023-10-13 18:46:20,950 - INFO - Trigger conditions not met.
2023-10-13 18:46:20,950 - INFO - Checking data point 21/484...
2023-10-13 18:46:20,951 - INFO - Trigger conditions not met.
2023-10-13 18:46:20,951 - INFO - Checking data point 22/484...
2023-10-13 18:46:20,951 - INFO - Trigger conditions not met.
2023-10-13 18:46:20,952 - INFO - Checking data point 23/484...
2023-10-13 18:46:20,952 - INFO - Trigger conditions not met.
2023-10-13 18:46:20,953 - INFO - Checking data point 24/484...
2023-10-13 18:46:20,953 - INFO - Trigger conditions not met.
2023-10-13 18:46:20,953 - INFO - Checking data point 25/484...
2023-10-13 18:46:20,954 - INFO - Trigger conditions not met.
2023-10-13 18:46:20,954 - INFO - Checking data point 26/484...
2023-10-13 18:46:20,954 - INFO - Trigger conditions not met.
2023-10-13 18:46:20,955 - INFO - Checking data point 27/484...
2023-10-13 18:46:20,955 - INFO - Trigger conditions not met.
2023-10-13 18:46:20,955 - INFO - Checking data point 28/484...
2023-10-13 18:46:20,955 - INFO - Trigger conditions not met.
2023-10-13 18:46:20,956 - INFO - Checking data point 29/484...
2023-10-13 18:46:20,956 - INFO - Trigger conditions not met.
2023-10-13 18:46:20,956 - INFO - Checking data point 30/484...
2023-10-13 18:46:20,957 - INFO - Trigger conditions not met.
2023-10-13 18:46:20,957 - INFO - Checking data point 31/484...
2023-10-13 18:46:20,957 - INFO - Trigger conditions not met.
2023-10-13 18:46:20,958 - INFO - Checking data point 32/484...
2023-10-13 18:46:20,958 - INFO - Trigger conditions not met.
2023-10-13 18:46:20,958 - INFO - Checking data point 33/484...
2023-10-13 18:46:20,959 - INFO - Trigger conditions not met.
2023-10-13 18:46:20,959 - INFO - Checking data point 34/484...
2023-10-13 18:46:20,959 - INFO - Trigger conditions not met.
2023-10-13 18:46:20,960 - INFO - Checking data point 35/484...
2023-10-13 18:46:20,960 - INFO - Trigger conditions not met.
2023-10-13 18:46:20,960 - INFO - Checking data point 36/484...
2023-10-13 18:46:20,961 - INFO - Trigger conditions not met.
2023-10-13 18:46:20,961 - INFO - Checking data point 37/484...
2023-10-13 18:46:20,961 - INFO - Trigger conditions not met.
2023-10-13 18:46:20,962 - INFO - Checking data point 38/484...
2023-10-13 18:46:20,962 - INFO - Trigger conditions not met.
2023-10-13 18:46:20,962 - INFO - Checking data point 39/484...
2023-10-13 18:46:20,962 - INFO - Trigger conditions not met.
2023-10-13 18:46:20,963 - INFO - Checking data point 40/484...
2023-10-13 18:46:20,963 - INFO - Trigger conditions not met.
2023-10-13 18:46:20,963 - INFO - Checking data point 41/484...
2023-10-13 18:46:20,964 - INFO - Trigger conditions not met.
2023-10-13 18:46:20,965 - INFO - Checking data point 42/484...
2023-10-13 18:46:20,966 - INFO - Trigger conditions not met.
2023-10-13 18:46:20,968 - INFO - Checking data point 43/484...
2023-10-13 18:46:20,968 - INFO - Trigger conditions not met.
2023-10-13 18:46:20,969 - INFO - Checking data point 44/484...
2023-10-13 18:46:20,969 - INFO - Trigger conditions not met.
2023-10-13 18:46:20,969 - INFO - Checking data point 45/484...
2023-10-13 18:46:20,970 - INFO - Trigger condition met at 2023-10-13 11:30:00-07:00
2023-10-13 18:46:20,970 - INFO - Checking data point 46/484...
2023-10-13 18:46:20,970 - INFO - Trigger conditions previously met, checking entry conditions.
2023-10-13 18:46:20,970 - INFO - Entry conditions not met.
2023-10-13 18:46:20,971 - INFO - Trigger conditions not met.
2023-10-13 18:46:20,971 - INFO - Checking data point 47/484...
2023-10-13 18:46:20,971 - INFO - Trigger conditions not met.
2023-10-13 18:46:20,972 - INFO - Checking data point 48/484...
2023-10-13 18:46:20,972 - INFO - Trigger conditions not met.
2023-10-13 18:46:20,973 - INFO - Checking data point 49/484...
2023-10-13 18:46:20,973 - INFO - Trigger conditions not met.
2023-10-13 18:46:20,973 - INFO - Checking data point 50/484...
2023-10-13 18:46:20,974 - INFO - Trigger conditions not met.
2023-10-13 18:46:20,974 - INFO - Checking data point 51/484...
2023-10-13 18:46:20,974 - INFO - Trigger conditions not met.
2023-10-13 18:46:20,975 - INFO - Checking data point 52/484...
2023-10-13 18:46:20,975 - INFO - Trigger condition met at 2023-10-13 11:37:00-07:00
2023-10-13 18:46:20,975 - INFO - Checking data point 53/484...
2023-10-13 18:46:20,975 - INFO - Trigger conditions previously met, checking entry conditions.
2023-10-13 18:46:20,976 - INFO - Entry condition met at 2023-10-13 11:38:00-07:00
2023-10-13 18:46:20,976 - INFO - Trigger conditions not met.
2023-10-13 18:46:20,976 - INFO - Checking data point 54/484...
2023-10-13 18:46:20,977 - INFO - Trigger conditions not met.
2023-10-13 18:46:20,977 - INFO - Checking data point 55/484...
2023-10-13 18:46:20,977 - INFO - Trigger conditions not met.
2023-10-13 18:46:20,978 - INFO - Checking data point 56/484...
2023-10-13 18:46:20,978 - INFO - Trigger conditions not met.
2023-10-13 18:46:20,979 - INFO - Checking data point 57/484...
2023-10-13 18:46:20,979 - INFO - Trigger conditions not met.
2023-10-13 18:46:20,979 - INFO - Checking data point 58/484...
2023-10-13 18:46:20,980 - INFO - Trigger conditions not met.
2023-10-13 18:46:20,980 - INFO - Checking data point 59/484...
2023-10-13 18:46:20,980 - INFO - Trigger conditions not met.
2023-10-13 18:46:20,981 - INFO - Checking data point 60/484...
2023-10-13 18:46:20,981 - INFO - Trigger conditions not met.
2023-10-13 18:46:20,982 - INFO - Checking data point 61/484...
2023-10-13 18:46:20,982 - INFO - Trigger conditions not met.
2023-10-13 18:46:20,982 - INFO - Checking data point 62/484...
2023-10-13 18:46:20,982 - INFO - Trigger conditions not met.
2023-10-13 18:46:20,983 - INFO - Checking data point 63/484...
2023-10-13 18:46:20,983 - INFO - Trigger conditions not met.
2023-10-13 18:46:20,984 - INFO - Checking data point 64/484...
2023-10-13 18:46:20,984 - INFO - Trigger conditions not met.
2023-10-13 18:46:20,984 - INFO - Checking data point 65/484...
2023-10-13 18:46:20,985 - INFO - Trigger conditions not met.
2023-10-13 18:46:20,985 - INFO - Checking data point 66/484...
2023-10-13 18:46:20,985 - INFO - Trigger conditions not met.
2023-10-13 18:46:20,986 - INFO - Checking data point 67/484...
2023-10-13 18:46:20,986 - INFO - Trigger conditions not met.
2023-10-13 18:46:20,986 - INFO - Checking data point 68/484...
2023-10-13 18:46:20,987 - INFO - Trigger conditions not met.
2023-10-13 18:46:20,987 - INFO - Checking data point 69/484...
2023-10-13 18:46:20,987 - INFO - Trigger conditions not met.
2023-10-13 18:46:20,988 - INFO - Checking data point 70/484...
2023-10-13 18:46:20,988 - INFO - Trigger conditions not met.
2023-10-13 18:46:20,988 - INFO - Checking data point 71/484...
2023-10-13 18:46:20,989 - INFO - Trigger conditions not met.
2023-10-13 18:46:20,989 - INFO - Checking data point 72/484...
2023-10-13 18:46:20,989 - INFO - Trigger conditions not met.
2023-10-13 18:46:20,990 - INFO - Checking data point 73/484...
2023-10-13 18:46:20,990 - INFO - Trigger conditions not met.
2023-10-13 18:46:20,990 - INFO - Checking data point 74/484...
2023-10-13 18:46:20,991 - INFO - Trigger conditions not met.
2023-10-13 18:46:20,991 - INFO - Checking data point 75/484...
2023-10-13 18:46:20,992 - INFO - Trigger conditions not met.
2023-10-13 18:46:20,992 - INFO - Checking data point 76/484...
2023-10-13 18:46:20,992 - INFO - Trigger conditions not met.
2023-10-13 18:46:20,993 - INFO - Checking data point 77/484...
2023-10-13 18:46:20,993 - INFO - Trigger conditions not met.
2023-10-13 18:46:20,993 - INFO - Checking data point 78/484...
2023-10-13 18:46:20,994 - INFO - Trigger conditions not met.
2023-10-13 18:46:20,994 - INFO - Checking data point 79/484...
2023-10-13 18:46:20,994 - INFO - Trigger conditions not met.
2023-10-13 18:46:20,995 - INFO - Checking data point 80/484...
2023-10-13 18:46:20,995 - INFO - Trigger conditions not met.
2023-10-13 18:46:20,996 - INFO - Checking data point 81/484...
2023-10-13 18:46:20,996 - INFO - Trigger conditions not met.
2023-10-13 18:46:20,996 - INFO - Checking data point 82/484...
2023-10-13 18:46:20,996 - INFO - Trigger conditions not met.
2023-10-13 18:46:20,997 - INFO - Checking data point 83/484...
2023-10-13 18:46:20,997 - INFO - Trigger conditions not met.
2023-10-13 18:46:20,998 - INFO - Checking data point 84/484...
2023-10-13 18:46:20,998 - INFO - Trigger conditions not met.
2023-10-13 18:46:20,998 - INFO - Checking data point 85/484...
2023-10-13 18:46:20,998 - INFO - Trigger conditions not met.
2023-10-13 18:46:20,999 - INFO - Checking data point 86/484...
2023-10-13 18:46:20,999 - INFO - Trigger conditions not met.
2023-10-13 18:46:21,000 - INFO - Checking data point 87/484...
2023-10-13 18:46:21,000 - INFO - Trigger conditions not met.
2023-10-13 18:46:21,000 - INFO - Checking data point 88/484...
2023-10-13 18:46:21,001 - INFO - Trigger conditions not met.
2023-10-13 18:46:21,001 - INFO - Checking data point 89/484...
2023-10-13 18:46:21,001 - INFO - Trigger conditions not met.
2023-10-13 18:46:21,002 - INFO - Checking data point 90/484...
2023-10-13 18:46:21,002 - INFO - Trigger conditions not met.
2023-10-13 18:46:21,002 - INFO - Checking data point 91/484...
2023-10-13 18:46:21,003 - INFO - Trigger conditions not met.
2023-10-13 18:46:21,003 - INFO - Checking data point 92/484...
2023-10-13 18:46:21,003 - INFO - Trigger conditions not met.
2023-10-13 18:46:21,003 - INFO - Checking data point 93/484...
2023-10-13 18:46:21,003 - INFO - Trigger conditions not met.
2023-10-13 18:46:21,004 - INFO - Checking data point 94/484...
2023-10-13 18:46:21,004 - INFO - Trigger conditions not met.
2023-10-13 18:46:21,004 - INFO - Checking data point 95/484...
2023-10-13 18:46:21,005 - INFO - Trigger conditions not met.
2023-10-13 18:46:21,005 - INFO - Checking data point 96/484...
2023-10-13 18:46:21,005 - INFO - Trigger conditions not met.
2023-10-13 18:46:21,006 - INFO - Checking data point 97/484...
2023-10-13 18:46:21,006 - INFO - Trigger conditions not met.
2023-10-13 18:46:21,006 - INFO - Checking data point 98/484...
2023-10-13 18:46:21,007 - INFO - Trigger conditions not met.
2023-10-13 18:46:21,007 - INFO - Checking data point 99/484...
2023-10-13 18:46:21,007 - INFO - Trigger conditions not met.
2023-10-13 18:46:21,008 - INFO - Checking data point 100/484...
2023-10-13 18:46:21,008 - INFO - Trigger conditions not met.
2023-10-13 18:46:21,009 - INFO - Checking data point 101/484...
2023-10-13 18:46:21,009 - INFO - Trigger conditions not met.
2023-10-13 18:46:21,009 - INFO - Checking data point 102/484...
2023-10-13 18:46:21,010 - INFO - Trigger conditions not met.
2023-10-13 18:46:21,010 - INFO - Checking data point 103/484...
2023-10-13 18:46:21,010 - INFO - Trigger conditions not met.
2023-10-13 18:46:21,011 - INFO - Checking data point 104/484...
2023-10-13 18:46:21,011 - INFO - Trigger conditions not met.
2023-10-13 18:46:21,011 - INFO - Checking data point 105/484...
2023-10-13 18:46:21,012 - INFO - Trigger conditions not met.
2023-10-13 18:46:21,012 - INFO - Checking data point 106/484...
2023-10-13 18:46:21,012 - INFO - Trigger conditions not met.
2023-10-13 18:46:21,013 - INFO - Checking data point 107/484...
2023-10-13 18:46:21,013 - INFO - Trigger conditions not met.
2023-10-13 18:46:21,013 - INFO - Checking data point 108/484...
2023-10-13 18:46:21,014 - INFO - Trigger conditions not met.
2023-10-13 18:46:21,014 - INFO - Checking data point 109/484...
2023-10-13 18:46:21,014 - INFO - Trigger conditions not met.
2023-10-13 18:46:21,015 - INFO - Checking data point 110/484...
2023-10-13 18:46:21,015 - INFO - Trigger conditions not met.
2023-10-13 18:46:21,016 - INFO - Checking data point 111/484...
2023-10-13 18:46:21,016 - INFO - Trigger conditions not met.
2023-10-13 18:46:21,016 - INFO - Checking data point 112/484...
2023-10-13 18:46:21,017 - INFO - Trigger conditions not met.
2023-10-13 18:46:21,017 - INFO - Checking data point 113/484...
2023-10-13 18:46:21,017 - INFO - Trigger conditions not met.
2023-10-13 18:46:21,018 - INFO - Checking data point 114/484...
2023-10-13 18:46:21,018 - INFO - Trigger conditions not met.
2023-10-13 18:46:21,018 - INFO - Checking data point 115/484...
2023-10-13 18:46:21,019 - INFO - Trigger conditions not met.
2023-10-13 18:46:21,019 - INFO - Checking data point 116/484...
2023-10-13 18:46:21,019 - INFO - Trigger conditions not met.
2023-10-13 18:46:21,020 - INFO - Checking data point 117/484...
2023-10-13 18:46:21,020 - INFO - Trigger conditions not met.
2023-10-13 18:46:21,020 - INFO - Checking data point 118/484...
2023-10-13 18:46:21,021 - INFO - Trigger conditions not met.
2023-10-13 18:46:21,021 - INFO - Checking data point 119/484...
2023-10-13 18:46:21,021 - INFO - Trigger conditions not met.
2023-10-13 18:46:21,022 - INFO - Checking data point 120/484...
2023-10-13 18:46:21,022 - INFO - Trigger conditions not met.
2023-10-13 18:46:21,023 - INFO - Checking data point 121/484...
2023-10-13 18:46:21,023 - INFO - Trigger conditions not met.
2023-10-13 18:46:21,023 - INFO - Checking data point 122/484...
2023-10-13 18:46:21,024 - INFO - Trigger conditions not met.
2023-10-13 18:46:21,024 - INFO - Checking data point 123/484...
2023-10-13 18:46:21,024 - INFO - Trigger conditions not met.
2023-10-13 18:46:21,025 - INFO - Checking data point 124/484...
2023-10-13 18:46:21,025 - INFO - Trigger conditions not met.
2023-10-13 18:46:21,025 - INFO - Checking data point 125/484...
2023-10-13 18:46:21,026 - INFO - Trigger conditions not met.
2023-10-13 18:46:21,027 - INFO - Checking data point 126/484...
2023-10-13 18:46:21,027 - INFO - Trigger conditions not met.
2023-10-13 18:46:21,028 - INFO - Checking data point 127/484...
2023-10-13 18:46:21,028 - INFO - Trigger conditions not met.
2023-10-13 18:46:21,029 - INFO - Checking data point 128/484...
2023-10-13 18:46:21,029 - INFO - Trigger conditions not met.
2023-10-13 18:46:21,029 - INFO - Checking data point 129/484...
2023-10-13 18:46:21,030 - INFO - Trigger conditions not met.
2023-10-13 18:46:21,030 - INFO - Checking data point 130/484...
2023-10-13 18:46:21,030 - INFO - Trigger conditions not met.
2023-10-13 18:46:21,031 - INFO - Checking data point 131/484...
2023-10-13 18:46:21,031 - INFO - Trigger conditions not met.
2023-10-13 18:46:21,031 - INFO - Checking data point 132/484...
2023-10-13 18:46:21,032 - INFO - Trigger conditions not met.
2023-10-13 18:46:21,032 - INFO - Checking data point 133/484...
2023-10-13 18:46:21,032 - INFO - Trigger conditions not met.
2023-10-13 18:46:21,033 - INFO - Checking data point 134/484...
2023-10-13 18:46:21,033 - INFO - Trigger conditions not met.
2023-10-13 18:46:21,033 - INFO - Checking data point 135/484...
2023-10-13 18:46:21,034 - INFO - Trigger conditions not met.
2023-10-13 18:46:21,034 - INFO - Checking data point 136/484...
2023-10-13 18:46:21,035 - INFO - Trigger conditions not met.
2023-10-13 18:46:21,035 - INFO - Checking data point 137/484...
2023-10-13 18:46:21,036 - INFO - Trigger conditions not met.
2023-10-13 18:46:21,036 - INFO - Checking data point 138/484...
2023-10-13 18:46:21,037 - INFO - Trigger conditions not met.
2023-10-13 18:46:21,037 - INFO - Checking data point 139/484...
2023-10-13 18:46:21,038 - INFO - Trigger conditions not met.
2023-10-13 18:46:21,038 - INFO - Checking data point 140/484...
2023-10-13 18:46:21,039 - INFO - Trigger conditions not met.
2023-10-13 18:46:21,039 - INFO - Checking data point 141/484...
2023-10-13 18:46:21,039 - INFO - Trigger conditions not met.
2023-10-13 18:46:21,040 - INFO - Checking data point 142/484...
2023-10-13 18:46:21,040 - INFO - Trigger conditions not met.
2023-10-13 18:46:21,041 - INFO - Checking data point 143/484...
2023-10-13 18:46:21,041 - INFO - Trigger conditions not met.
2023-10-13 18:46:21,043 - INFO - Checking data point 144/484...
2023-10-13 18:46:21,043 - INFO - Trigger conditions not met.
2023-10-13 18:46:21,043 - INFO - Checking data point 145/484...
2023-10-13 18:46:21,044 - INFO - Trigger conditions not met.
2023-10-13 18:46:21,044 - INFO - Checking data point 146/484...
2023-10-13 18:46:21,045 - INFO - Trigger conditions not met.
2023-10-13 18:46:21,045 - INFO - Checking data point 147/484...
2023-10-13 18:46:21,046 - INFO - Trigger conditions not met.
2023-10-13 18:46:21,046 - INFO - Checking data point 148/484...
2023-10-13 18:46:21,047 - INFO - Trigger conditions not met.
2023-10-13 18:46:21,047 - INFO - Checking data point 149/484...
2023-10-13 18:46:21,048 - INFO - Trigger conditions not met.
2023-10-13 18:46:21,048 - INFO - Checking data point 150/484...
2023-10-13 18:46:21,048 - INFO - Trigger conditions not met.
2023-10-13 18:46:21,049 - INFO - Checking data point 151/484...
2023-10-13 18:46:21,049 - INFO - Trigger conditions not met.
2023-10-13 18:46:21,050 - INFO - Checking data point 152/484...
2023-10-13 18:46:21,050 - INFO - Trigger conditions not met.
2023-10-13 18:46:21,051 - INFO - Checking data point 153/484...
2023-10-13 18:46:21,051 - INFO - Trigger conditions not met.
2023-10-13 18:46:21,052 - INFO - Checking data point 154/484...
2023-10-13 18:46:21,052 - INFO - Trigger conditions not met.
2023-10-13 18:46:21,053 - INFO - Checking data point 155/484...
2023-10-13 18:46:21,053 - INFO - Trigger conditions not met.
2023-10-13 18:46:21,054 - INFO - Checking data point 156/484...
2023-10-13 18:46:21,054 - INFO - Trigger conditions not met.
2023-10-13 18:46:21,055 - INFO - Checking data point 157/484...
2023-10-13 18:46:21,055 - INFO - Trigger conditions not met.
2023-10-13 18:46:21,056 - INFO - Checking data point 158/484...
2023-10-13 18:46:21,056 - INFO - Trigger conditions not met.
2023-10-13 18:46:21,057 - INFO - Checking data point 159/484...
2023-10-13 18:46:21,057 - INFO - Trigger conditions not met.
2023-10-13 18:46:21,057 - INFO - Checking data point 160/484...
2023-10-13 18:46:21,058 - INFO - Trigger conditions not met.
2023-10-13 18:46:21,058 - INFO - Checking data point 161/484...
2023-10-13 18:46:21,059 - INFO - Trigger conditions not met.
2023-10-13 18:46:21,059 - INFO - Checking data point 162/484...
2023-10-13 18:46:21,059 - INFO - Trigger conditions not met.
2023-10-13 18:46:21,060 - INFO - Checking data point 163/484...
2023-10-13 18:46:21,060 - INFO - Trigger conditions not met.
2023-10-13 18:46:21,060 - INFO - Checking data point 164/484...
2023-10-13 18:46:21,061 - INFO - Trigger conditions not met.
2023-10-13 18:46:21,061 - INFO - Checking data point 165/484...
2023-10-13 18:46:21,062 - INFO - Trigger conditions not met.
2023-10-13 18:46:21,062 - INFO - Checking data point 166/484...
2023-10-13 18:46:21,062 - INFO - Trigger conditions not met.
2023-10-13 18:46:21,063 - INFO - Checking data point 167/484...
2023-10-13 18:46:21,063 - INFO - Trigger conditions not met.
2023-10-13 18:46:21,064 - INFO - Checking data point 168/484...
2023-10-13 18:46:21,064 - INFO - Trigger conditions not met.
2023-10-13 18:46:21,064 - INFO - Checking data point 169/484...
2023-10-13 18:46:21,065 - INFO - Trigger condition met at 2023-10-13 13:34:00-07:00
2023-10-13 18:46:21,065 - INFO - Checking data point 170/484...
2023-10-13 18:46:21,065 - INFO - Trigger conditions previously met, checking entry conditions.
2023-10-13 18:46:21,065 - INFO - Entry conditions not met.
2023-10-13 18:46:21,065 - INFO - Trigger conditions not met.
2023-10-13 18:46:21,066 - INFO - Checking data point 171/484...
2023-10-13 18:46:21,066 - INFO - Trigger conditions not met.
2023-10-13 18:46:21,066 - INFO - Checking data point 172/484...
2023-10-13 18:46:21,067 - INFO - Trigger conditions not met.
2023-10-13 18:46:21,067 - INFO - Checking data point 173/484...
2023-10-13 18:46:21,067 - INFO - Trigger conditions not met.
2023-10-13 18:46:21,068 - INFO - Checking data point 174/484...
2023-10-13 18:46:21,068 - INFO - Trigger conditions not met.
2023-10-13 18:46:21,068 - INFO - Checking data point 175/484...
2023-10-13 18:46:21,069 - INFO - Trigger conditions not met.
2023-10-13 18:46:21,069 - INFO - Checking data point 176/484...
2023-10-13 18:46:21,070 - INFO - Trigger conditions not met.
2023-10-13 18:46:21,070 - INFO - Checking data point 177/484...
2023-10-13 18:46:21,070 - INFO - Trigger conditions not met.
2023-10-13 18:46:21,071 - INFO - Checking data point 178/484...
2023-10-13 18:46:21,071 - INFO - Trigger conditions not met.
2023-10-13 18:46:21,071 - INFO - Checking data point 179/484...
2023-10-13 18:46:21,072 - INFO - Trigger conditions not met.
2023-10-13 18:46:21,072 - INFO - Checking data point 180/484...
2023-10-13 18:46:21,072 - INFO - Trigger conditions not met.
2023-10-13 18:46:21,073 - INFO - Checking data point 181/484...
2023-10-13 18:46:21,073 - INFO - Trigger conditions not met.
2023-10-13 18:46:21,073 - INFO - Checking data point 182/484...
2023-10-13 18:46:21,074 - INFO - Trigger conditions not met.
2023-10-13 18:46:21,074 - INFO - Checking data point 183/484...
2023-10-13 18:46:21,074 - INFO - Trigger conditions not met.
2023-10-13 18:46:21,075 - INFO - Checking data point 184/484...
2023-10-13 18:46:21,075 - INFO - Trigger conditions not met.
2023-10-13 18:46:21,076 - INFO - Checking data point 185/484...
2023-10-13 18:46:21,076 - INFO - Trigger conditions not met.
2023-10-13 18:46:21,076 - INFO - Checking data point 186/484...
2023-10-13 18:46:21,077 - INFO - Trigger conditions not met.
2023-10-13 18:46:21,077 - INFO - Checking data point 187/484...
2023-10-13 18:46:21,077 - INFO - Trigger conditions not met.
2023-10-13 18:46:21,078 - INFO - Checking data point 188/484...
2023-10-13 18:46:21,078 - INFO - Trigger conditions not met.
2023-10-13 18:46:21,078 - INFO - Checking data point 189/484...
2023-10-13 18:46:21,079 - INFO - Trigger conditions not met.
2023-10-13 18:46:21,079 - INFO - Checking data point 190/484...
2023-10-13 18:46:21,079 - INFO - Trigger conditions not met.
2023-10-13 18:46:21,080 - INFO - Checking data point 191/484...
2023-10-13 18:46:21,080 - INFO - Trigger conditions not met.
2023-10-13 18:46:21,081 - INFO - Checking data point 192/484...
2023-10-13 18:46:21,081 - INFO - Trigger conditions not met.
2023-10-13 18:46:21,081 - INFO - Checking data point 193/484...
2023-10-13 18:46:21,081 - INFO - Trigger conditions not met.
2023-10-13 18:46:21,082 - INFO - Checking data point 194/484...
2023-10-13 18:46:21,082 - INFO - Trigger conditions not met.
2023-10-13 18:46:21,083 - INFO - Checking data point 195/484...
2023-10-13 18:46:21,083 - INFO - Trigger conditions not met.
2023-10-13 18:46:21,083 - INFO - Checking data point 196/484...
2023-10-13 18:46:21,083 - INFO - Trigger conditions not met.
2023-10-13 18:46:21,084 - INFO - Checking data point 197/484...
2023-10-13 18:46:21,084 - INFO - Trigger conditions not met.
2023-10-13 18:46:21,085 - INFO - Checking data point 198/484...
2023-10-13 18:46:21,085 - INFO - Trigger conditions not met.
2023-10-13 18:46:21,085 - INFO - Checking data point 199/484...
2023-10-13 18:46:21,085 - INFO - Trigger conditions not met.
2023-10-13 18:46:21,086 - INFO - Checking data point 200/484...
2023-10-13 18:46:21,086 - INFO - Trigger conditions not met.
2023-10-13 18:46:21,087 - INFO - Checking data point 201/484...
2023-10-13 18:46:21,087 - INFO - Trigger conditions not met.
2023-10-13 18:46:21,087 - INFO - Checking data point 202/484...
2023-10-13 18:46:21,088 - INFO - Trigger conditions not met.
2023-10-13 18:46:21,088 - INFO - Checking data point 203/484...
2023-10-13 18:46:21,088 - INFO - Trigger conditions not met.
2023-10-13 18:46:21,089 - INFO - Checking data point 204/484...
2023-10-13 18:46:21,089 - INFO - Trigger conditions not met.
2023-10-13 18:46:21,089 - INFO - Checking data point 205/484...
2023-10-13 18:46:21,090 - INFO - Trigger conditions not met.
2023-10-13 18:46:21,090 - INFO - Checking data point 206/484...
2023-10-13 18:46:21,091 - INFO - Trigger conditions not met.
2023-10-13 18:46:21,091 - INFO - Checking data point 207/484...
2023-10-13 18:46:21,091 - INFO - Trigger condition met at 2023-10-13 14:12:00-07:00
2023-10-13 18:46:21,092 - INFO - Checking data point 208/484...
2023-10-13 18:46:21,092 - INFO - Trigger conditions previously met, checking entry conditions.
2023-10-13 18:46:21,092 - INFO - Entry conditions not met.
2023-10-13 18:46:21,092 - INFO - Trigger conditions not met.
2023-10-13 18:46:21,093 - INFO - Checking data point 209/484...
2023-10-13 18:46:21,093 - INFO - Trigger conditions not met.
2023-10-13 18:46:21,093 - INFO - Checking data point 210/484...
2023-10-13 18:46:21,093 - INFO - Trigger conditions not met.
2023-10-13 18:46:21,094 - INFO - Checking data point 211/484...
2023-10-13 18:46:21,094 - INFO - Trigger conditions not met.
2023-10-13 18:46:21,094 - INFO - Checking data point 212/484...
2023-10-13 18:46:21,095 - INFO - Trigger condition met at 2023-10-13 14:17:00-07:00
2023-10-13 18:46:21,095 - INFO - Checking data point 213/484...
2023-10-13 18:46:21,095 - INFO - Trigger conditions previously met, checking entry conditions.
2023-10-13 18:46:21,095 - INFO - Entry conditions not met.
2023-10-13 18:46:21,096 - INFO - Trigger conditions not met.
2023-10-13 18:46:21,096 - INFO - Checking data point 214/484...
2023-10-13 18:46:21,096 - INFO - Trigger conditions not met.
2023-10-13 18:46:21,097 - INFO - Checking data point 215/484...
2023-10-13 18:46:21,097 - INFO - Trigger conditions not met.
2023-10-13 18:46:21,097 - INFO - Checking data point 216/484...
2023-10-13 18:46:21,098 - INFO - Trigger conditions not met.
2023-10-13 18:46:21,098 - INFO - Checking data point 217/484...
2023-10-13 18:46:21,098 - INFO - Trigger conditions not met.
2023-10-13 18:46:21,099 - INFO - Checking data point 218/484...
2023-10-13 18:46:21,099 - INFO - Trigger conditions not met.
2023-10-13 18:46:21,099 - INFO - Checking data point 219/484...
2023-10-13 18:46:21,100 - INFO - Trigger conditions not met.
2023-10-13 18:46:21,100 - INFO - Checking data point 220/484...
2023-10-13 18:46:21,100 - INFO - Trigger conditions not met.
2023-10-13 18:46:21,100 - INFO - Checking data point 221/484...
2023-10-13 18:46:21,101 - INFO - Trigger conditions not met.
2023-10-13 18:46:21,101 - INFO - Checking data point 222/484...
2023-10-13 18:46:21,101 - INFO - Trigger conditions not met.
2023-10-13 18:46:21,102 - INFO - Checking data point 223/484...
2023-10-13 18:46:21,102 - INFO - Trigger conditions not met.
2023-10-13 18:46:21,102 - INFO - Checking data point 224/484...
2023-10-13 18:46:21,103 - INFO - Trigger conditions not met.
2023-10-13 18:46:21,103 - INFO - Checking data point 225/484...
2023-10-13 18:46:21,103 - INFO - Trigger conditions not met.
2023-10-13 18:46:21,104 - INFO - Checking data point 226/484...
2023-10-13 18:46:21,104 - INFO - Trigger conditions not met.
2023-10-13 18:46:21,104 - INFO - Checking data point 227/484...
2023-10-13 18:46:21,105 - INFO - Trigger conditions not met.
2023-10-13 18:46:21,105 - INFO - Checking data point 228/484...
2023-10-13 18:46:21,105 - INFO - Trigger conditions not met.
2023-10-13 18:46:21,106 - INFO - Checking data point 229/484...
2023-10-13 18:46:21,106 - INFO - Trigger conditions not met.
2023-10-13 18:46:21,106 - INFO - Checking data point 230/484...
2023-10-13 18:46:21,107 - INFO - Trigger conditions not met.
2023-10-13 18:46:21,107 - INFO - Checking data point 231/484...
2023-10-13 18:46:21,107 - INFO - Trigger conditions not met.
2023-10-13 18:46:21,108 - INFO - Checking data point 232/484...
2023-10-13 18:46:21,108 - INFO - Trigger conditions not met.
2023-10-13 18:46:21,108 - INFO - Checking data point 233/484...
2023-10-13 18:46:21,109 - INFO - Trigger conditions not met.
2023-10-13 18:46:21,109 - INFO - Checking data point 234/484...
2023-10-13 18:46:21,109 - INFO - Trigger conditions not met.
2023-10-13 18:46:21,110 - INFO - Checking data point 235/484...
2023-10-13 18:46:21,110 - INFO - Trigger conditions not met.
2023-10-13 18:46:21,111 - INFO - Checking data point 236/484...
2023-10-13 18:46:21,111 - INFO - Trigger conditions not met.
2023-10-13 18:46:21,111 - INFO - Checking data point 237/484...
2023-10-13 18:46:21,112 - INFO - Trigger conditions not met.
2023-10-13 18:46:21,112 - INFO - Checking data point 238/484...
2023-10-13 18:46:21,112 - INFO - Trigger conditions not met.
2023-10-13 18:46:21,113 - INFO - Checking data point 239/484...
2023-10-13 18:46:21,113 - INFO - Trigger conditions not met.
2023-10-13 18:46:21,113 - INFO - Checking data point 240/484...
2023-10-13 18:46:21,114 - INFO - Trigger conditions not met.
2023-10-13 18:46:21,114 - INFO - Checking data point 241/484...
2023-10-13 18:46:21,114 - INFO - Trigger conditions not met.
2023-10-13 18:46:21,114 - INFO - Checking data point 242/484...
2023-10-13 18:46:21,115 - INFO - Trigger conditions not met.
2023-10-13 18:46:21,115 - INFO - Checking data point 243/484...
2023-10-13 18:46:21,115 - INFO - Trigger conditions not met.
2023-10-13 18:46:21,116 - INFO - Checking data point 244/484...
2023-10-13 18:46:21,116 - INFO - Trigger conditions not met.
2023-10-13 18:46:21,116 - INFO - Checking data point 245/484...
2023-10-13 18:46:21,117 - INFO - Trigger conditions not met.
2023-10-13 18:46:21,117 - INFO - Checking data point 246/484...
2023-10-13 18:46:21,117 - INFO - Trigger conditions not met.
2023-10-13 18:46:21,118 - INFO - Checking data point 247/484...
2023-10-13 18:46:21,118 - INFO - Trigger conditions not met.
2023-10-13 18:46:21,118 - INFO - Checking data point 248/484...
2023-10-13 18:46:21,119 - INFO - Trigger conditions not met.
2023-10-13 18:46:21,119 - INFO - Checking data point 249/484...
2023-10-13 18:46:21,119 - INFO - Trigger condition met at 2023-10-13 14:54:00-07:00
2023-10-13 18:46:21,120 - INFO - Checking data point 250/484...
2023-10-13 18:46:21,120 - INFO - Trigger conditions previously met, checking entry conditions.
2023-10-13 18:46:21,120 - INFO - Entry conditions not met.
2023-10-13 18:46:21,120 - INFO - Trigger conditions not met.
2023-10-13 18:46:21,121 - INFO - Checking data point 251/484...
2023-10-13 18:46:21,121 - INFO - Trigger conditions not met.
2023-10-13 18:46:21,121 - INFO - Checking data point 252/484...
2023-10-13 18:46:21,122 - INFO - Trigger conditions not met.
2023-10-13 18:46:21,122 - INFO - Checking data point 253/484...
2023-10-13 18:46:21,122 - INFO - Trigger conditions not met.
2023-10-13 18:46:21,123 - INFO - Checking data point 254/484...
2023-10-13 18:46:21,123 - INFO - Trigger conditions not met.
2023-10-13 18:46:21,123 - INFO - Checking data point 255/484...
2023-10-13 18:46:21,123 - INFO - Trigger conditions not met.
2023-10-13 18:46:21,124 - INFO - Checking data point 256/484...
2023-10-13 18:46:21,124 - INFO - Trigger conditions not met.
2023-10-13 18:46:21,124 - INFO - Checking data point 257/484...
2023-10-13 18:46:21,125 - INFO - Trigger conditions not met.
2023-10-13 18:46:21,125 - INFO - Checking data point 258/484...
2023-10-13 18:46:21,125 - INFO - Trigger condition met at 2023-10-13 15:03:00-07:00
2023-10-13 18:46:21,126 - INFO - Checking data point 259/484...
2023-10-13 18:46:21,126 - INFO - Trigger conditions previously met, checking entry conditions.
2023-10-13 18:46:21,126 - INFO - Entry conditions not met.
2023-10-13 18:46:21,126 - INFO - Trigger conditions not met.
2023-10-13 18:46:21,127 - INFO - Checking data point 260/484...
2023-10-13 18:46:21,127 - INFO - Trigger conditions not met.
2023-10-13 18:46:21,127 - INFO - Checking data point 261/484...
2023-10-13 18:46:21,127 - INFO - Trigger conditions not met.
2023-10-13 18:46:21,128 - INFO - Checking data point 262/484...
2023-10-13 18:46:21,128 - INFO - Trigger conditions not met.
2023-10-13 18:46:21,128 - INFO - Checking data point 263/484...
2023-10-13 18:46:21,129 - INFO - Trigger conditions not met.
2023-10-13 18:46:21,129 - INFO - Checking data point 264/484...
2023-10-13 18:46:21,129 - INFO - Trigger conditions not met.
2023-10-13 18:46:21,130 - INFO - Checking data point 265/484...
2023-10-13 18:46:21,130 - INFO - Trigger conditions not met.
2023-10-13 18:46:21,130 - INFO - Checking data point 266/484...
2023-10-13 18:46:21,131 - INFO - Trigger conditions not met.
2023-10-13 18:46:21,131 - INFO - Checking data point 267/484...
2023-10-13 18:46:21,131 - INFO - Trigger conditions not met.
2023-10-13 18:46:21,132 - INFO - Checking data point 268/484...
2023-10-13 18:46:21,132 - INFO - Trigger conditions not met.
2023-10-13 18:46:21,133 - INFO - Checking data point 269/484...
2023-10-13 18:46:21,133 - INFO - Trigger conditions not met.
2023-10-13 18:46:21,133 - INFO - Checking data point 270/484...
2023-10-13 18:46:21,134 - INFO - Trigger conditions not met.
2023-10-13 18:46:21,134 - INFO - Checking data point 271/484...
2023-10-13 18:46:21,134 - INFO - Trigger conditions not met.
2023-10-13 18:46:21,135 - INFO - Checking data point 272/484...
2023-10-13 18:46:21,135 - INFO - Trigger conditions not met.
2023-10-13 18:46:21,135 - INFO - Checking data point 273/484...
2023-10-13 18:46:21,136 - INFO - Trigger conditions not met.
2023-10-13 18:46:21,136 - INFO - Checking data point 274/484...
2023-10-13 18:46:21,136 - INFO - Trigger conditions not met.
2023-10-13 18:46:21,137 - INFO - Checking data point 275/484...
2023-10-13 18:46:21,137 - INFO - Trigger conditions not met.
2023-10-13 18:46:21,137 - INFO - Checking data point 276/484...
2023-10-13 18:46:21,138 - INFO - Trigger conditions not met.
2023-10-13 18:46:21,138 - INFO - Checking data point 277/484...
2023-10-13 18:46:21,138 - INFO - Trigger conditions not met.
2023-10-13 18:46:21,139 - INFO - Checking data point 278/484...
2023-10-13 18:46:21,139 - INFO - Trigger conditions not met.
2023-10-13 18:46:21,139 - INFO - Checking data point 279/484...
2023-10-13 18:46:21,140 - INFO - Trigger conditions not met.
2023-10-13 18:46:21,140 - INFO - Checking data point 280/484...
2023-10-13 18:46:21,140 - INFO - Trigger conditions not met.
2023-10-13 18:46:21,141 - INFO - Checking data point 281/484...
2023-10-13 18:46:21,141 - INFO - Trigger conditions not met.
2023-10-13 18:46:21,141 - INFO - Checking data point 282/484...
2023-10-13 18:46:21,141 - INFO - Trigger conditions not met.
2023-10-13 18:46:21,142 - INFO - Checking data point 283/484...
2023-10-13 18:46:21,142 - INFO - Trigger condition met at 2023-10-13 15:28:00-07:00
2023-10-13 18:46:21,143 - INFO - Checking data point 284/484...
2023-10-13 18:46:21,143 - INFO - Trigger conditions previously met, checking entry conditions.
2023-10-13 18:46:21,143 - INFO - Entry condition met at 2023-10-13 15:29:00-07:00
2023-10-13 18:46:21,143 - INFO - Trigger conditions not met.
2023-10-13 18:46:21,144 - INFO - Checking data point 285/484...
2023-10-13 18:46:21,144 - INFO - Trigger conditions not met.
2023-10-13 18:46:21,144 - INFO - Checking data point 286/484...
2023-10-13 18:46:21,144 - INFO - Trigger conditions not met.
2023-10-13 18:46:21,145 - INFO - Checking data point 287/484...
2023-10-13 18:46:21,145 - INFO - Trigger conditions not met.
2023-10-13 18:46:21,145 - INFO - Checking data point 288/484...
2023-10-13 18:46:21,146 - INFO - Trigger conditions not met.
2023-10-13 18:46:21,146 - INFO - Checking data point 289/484...
2023-10-13 18:46:21,146 - INFO - Trigger conditions not met.
2023-10-13 18:46:21,147 - INFO - Checking data point 290/484...
2023-10-13 18:46:21,147 - INFO - Trigger conditions not met.
2023-10-13 18:46:21,147 - INFO - Checking data point 291/484...
2023-10-13 18:46:21,148 - INFO - Trigger conditions not met.
2023-10-13 18:46:21,148 - INFO - Checking data point 292/484...
2023-10-13 18:46:21,148 - INFO - Trigger conditions not met.
2023-10-13 18:46:21,149 - INFO - Checking data point 293/484...
2023-10-13 18:46:21,149 - INFO - Trigger conditions not met.
2023-10-13 18:46:21,149 - INFO - Checking data point 294/484...
2023-10-13 18:46:21,150 - INFO - Trigger conditions not met.
2023-10-13 18:46:21,150 - INFO - Checking data point 295/484...
2023-10-13 18:46:21,150 - INFO - Trigger conditions not met.
2023-10-13 18:46:21,151 - INFO - Checking data point 296/484...
2023-10-13 18:46:21,151 - INFO - Trigger conditions not met.
2023-10-13 18:46:21,151 - INFO - Checking data point 297/484...
2023-10-13 18:46:21,151 - INFO - Trigger conditions not met.
2023-10-13 18:46:21,152 - INFO - Checking data point 298/484...
2023-10-13 18:46:21,152 - INFO - Trigger condition met at 2023-10-13 15:43:00-07:00
2023-10-13 18:46:21,153 - INFO - Checking data point 299/484...
2023-10-13 18:46:21,153 - INFO - Trigger conditions previously met, checking entry conditions.
2023-10-13 18:46:21,153 - INFO - Entry conditions not met.
2023-10-13 18:46:21,153 - INFO - Trigger conditions not met.
2023-10-13 18:46:21,154 - INFO - Checking data point 300/484...
2023-10-13 18:46:21,154 - INFO - Trigger conditions not met.
2023-10-13 18:46:21,154 - INFO - Checking data point 301/484...
2023-10-13 18:46:21,154 - INFO - Trigger conditions not met.
2023-10-13 18:46:21,155 - INFO - Checking data point 302/484...
2023-10-13 18:46:21,155 - INFO - Trigger conditions not met.
2023-10-13 18:46:21,155 - INFO - Checking data point 303/484...
2023-10-13 18:46:21,156 - INFO - Trigger conditions not met.
2023-10-13 18:46:21,156 - INFO - Checking data point 304/484...
2023-10-13 18:46:21,156 - INFO - Trigger conditions not met.
2023-10-13 18:46:21,157 - INFO - Checking data point 305/484...
2023-10-13 18:46:21,157 - INFO - Trigger conditions not met.
2023-10-13 18:46:21,157 - INFO - Checking data point 306/484...
2023-10-13 18:46:21,158 - INFO - Trigger conditions not met.
2023-10-13 18:46:21,158 - INFO - Checking data point 307/484...
2023-10-13 18:46:21,158 - INFO - Trigger conditions not met.
2023-10-13 18:46:21,159 - INFO - Checking data point 308/484...
2023-10-13 18:46:21,160 - INFO - Trigger condition met at 2023-10-13 15:53:00-07:00
2023-10-13 18:46:21,161 - INFO - Checking data point 309/484...
2023-10-13 18:46:21,161 - INFO - Trigger conditions previously met, checking entry conditions.
2023-10-13 18:46:21,161 - INFO - Entry conditions not met.
2023-10-13 18:46:21,162 - INFO - Trigger conditions not met.
2023-10-13 18:46:21,163 - INFO - Checking data point 310/484...
2023-10-13 18:46:21,163 - INFO - Trigger conditions not met.
2023-10-13 18:46:21,164 - INFO - Checking data point 311/484...
2023-10-13 18:46:21,165 - INFO - Trigger condition met at 2023-10-13 15:56:00-07:00
2023-10-13 18:46:21,166 - INFO - Checking data point 312/484...
2023-10-13 18:46:21,166 - INFO - Trigger conditions previously met, checking entry conditions.
2023-10-13 18:46:21,167 - INFO - Entry conditions not met.
2023-10-13 18:46:21,167 - INFO - Trigger conditions not met.
2023-10-13 18:46:21,168 - INFO - Checking data point 313/484...
2023-10-13 18:46:21,168 - INFO - Trigger conditions not met.
2023-10-13 18:46:21,168 - INFO - Checking data point 314/484...
2023-10-13 18:46:21,169 - INFO - Trigger conditions not met.
2023-10-13 18:46:21,169 - INFO - Checking data point 315/484...
2023-10-13 18:46:21,169 - INFO - Trigger conditions not met.
2023-10-13 18:46:21,170 - INFO - Checking data point 316/484...
2023-10-13 18:46:21,170 - INFO - Trigger conditions not met.
2023-10-13 18:46:21,170 - INFO - Checking data point 317/484...
2023-10-13 18:46:21,171 - INFO - Trigger conditions not met.
2023-10-13 18:46:21,171 - INFO - Checking data point 318/484...
2023-10-13 18:46:21,171 - INFO - Trigger conditions not met.
2023-10-13 18:46:21,172 - INFO - Checking data point 319/484...
2023-10-13 18:46:21,172 - INFO - Trigger conditions not met.
2023-10-13 18:46:21,172 - INFO - Checking data point 320/484...
2023-10-13 18:46:21,173 - INFO - Trigger conditions not met.
2023-10-13 18:46:21,173 - INFO - Checking data point 321/484...
2023-10-13 18:46:21,173 - INFO - Trigger conditions not met.
2023-10-13 18:46:21,174 - INFO - Checking data point 322/484...
2023-10-13 18:46:21,174 - INFO - Trigger conditions not met.
2023-10-13 18:46:21,174 - INFO - Checking data point 323/484...
2023-10-13 18:46:21,175 - INFO - Trigger conditions not met.
2023-10-13 18:46:21,175 - INFO - Checking data point 324/484...
2023-10-13 18:46:21,175 - INFO - Trigger conditions not met.
2023-10-13 18:46:21,176 - INFO - Checking data point 325/484...
2023-10-13 18:46:21,176 - INFO - Trigger conditions not met.
2023-10-13 18:46:21,177 - INFO - Checking data point 326/484...
2023-10-13 18:46:21,177 - INFO - Trigger conditions not met.
2023-10-13 18:46:21,177 - INFO - Checking data point 327/484...
2023-10-13 18:46:21,178 - INFO - Trigger conditions not met.
2023-10-13 18:46:21,178 - INFO - Checking data point 328/484...
2023-10-13 18:46:21,179 - INFO - Trigger conditions not met.
2023-10-13 18:46:21,180 - INFO - Checking data point 329/484...
2023-10-13 18:46:21,180 - INFO - Trigger conditions not met.
2023-10-13 18:46:21,181 - INFO - Checking data point 330/484...
2023-10-13 18:46:21,182 - INFO - Trigger condition met at 2023-10-13 16:15:00-07:00
2023-10-13 18:46:21,183 - INFO - Checking data point 331/484...
2023-10-13 18:46:21,183 - INFO - Trigger conditions previously met, checking entry conditions.
2023-10-13 18:46:21,184 - INFO - Entry conditions not met.
2023-10-13 18:46:21,184 - INFO - Trigger conditions not met.
2023-10-13 18:46:21,185 - INFO - Checking data point 332/484...
2023-10-13 18:46:21,186 - INFO - Trigger conditions not met.
2023-10-13 18:46:21,187 - INFO - Checking data point 333/484...
2023-10-13 18:46:21,187 - INFO - Trigger conditions not met.
2023-10-13 18:46:21,188 - INFO - Checking data point 334/484...
2023-10-13 18:46:21,189 - INFO - Trigger conditions not met.
2023-10-13 18:46:21,190 - INFO - Checking data point 335/484...
2023-10-13 18:46:21,190 - INFO - Trigger conditions not met.
2023-10-13 18:46:21,191 - INFO - Checking data point 336/484...
2023-10-13 18:46:21,192 - INFO - Trigger conditions not met.
2023-10-13 18:46:21,193 - INFO - Checking data point 337/484...
2023-10-13 18:46:21,193 - INFO - Trigger conditions not met.
2023-10-13 18:46:21,195 - INFO - Checking data point 338/484...
2023-10-13 18:46:21,195 - INFO - Trigger conditions not met.
2023-10-13 18:46:21,196 - INFO - Checking data point 339/484...
2023-10-13 18:46:21,197 - INFO - Trigger conditions not met.
2023-10-13 18:46:21,198 - INFO - Checking data point 340/484...
2023-10-13 18:46:21,199 - INFO - Trigger conditions not met.
2023-10-13 18:46:21,200 - INFO - Checking data point 341/484...
2023-10-13 18:46:21,200 - INFO - Trigger conditions not met.
2023-10-13 18:46:21,201 - INFO - Checking data point 342/484...
2023-10-13 18:46:21,202 - INFO - Trigger conditions not met.
2023-10-13 18:46:21,203 - INFO - Checking data point 343/484...
2023-10-13 18:46:21,204 - INFO - Trigger conditions not met.
2023-10-13 18:46:21,205 - INFO - Checking data point 344/484...
2023-10-13 18:46:21,205 - INFO - Trigger conditions not met.
2023-10-13 18:46:21,206 - INFO - Checking data point 345/484...
2023-10-13 18:46:21,207 - INFO - Trigger conditions not met.
2023-10-13 18:46:21,208 - INFO - Checking data point 346/484...
2023-10-13 18:46:21,208 - INFO - Trigger conditions not met.
2023-10-13 18:46:21,209 - INFO - Checking data point 347/484...
2023-10-13 18:46:21,209 - INFO - Trigger conditions not met.
2023-10-13 18:46:21,210 - INFO - Checking data point 348/484...
2023-10-13 18:46:21,210 - INFO - Trigger conditions not met.
2023-10-13 18:46:21,211 - INFO - Checking data point 349/484...
2023-10-13 18:46:21,211 - INFO - Trigger conditions not met.
2023-10-13 18:46:21,212 - INFO - Checking data point 350/484...
2023-10-13 18:46:21,212 - INFO - Trigger conditions not met.
2023-10-13 18:46:21,213 - INFO - Checking data point 351/484...
2023-10-13 18:46:21,213 - INFO - Trigger conditions not met.
2023-10-13 18:46:21,214 - INFO - Checking data point 352/484...
2023-10-13 18:46:21,214 - INFO - Trigger conditions not met.
2023-10-13 18:46:21,215 - INFO - Checking data point 353/484...
2023-10-13 18:46:21,215 - INFO - Trigger conditions not met.
2023-10-13 18:46:21,215 - INFO - Checking data point 354/484...
2023-10-13 18:46:21,216 - INFO - Trigger conditions not met.
2023-10-13 18:46:21,216 - INFO - Checking data point 355/484...
2023-10-13 18:46:21,217 - INFO - Trigger conditions not met.
2023-10-13 18:46:21,217 - INFO - Checking data point 356/484...
2023-10-13 18:46:21,218 - INFO - Trigger conditions not met.
2023-10-13 18:46:21,218 - INFO - Checking data point 357/484...
2023-10-13 18:46:21,219 - INFO - Trigger conditions not met.
2023-10-13 18:46:21,219 - INFO - Checking data point 358/484...
2023-10-13 18:46:21,219 - INFO - Trigger conditions not met.
2023-10-13 18:46:21,220 - INFO - Checking data point 359/484...
2023-10-13 18:46:21,220 - INFO - Trigger conditions not met.
2023-10-13 18:46:21,221 - INFO - Checking data point 360/484...
2023-10-13 18:46:21,221 - INFO - Trigger conditions not met.
2023-10-13 18:46:21,222 - INFO - Checking data point 361/484...
2023-10-13 18:46:21,222 - INFO - Trigger conditions not met.
2023-10-13 18:46:21,223 - INFO - Checking data point 362/484...
2023-10-13 18:46:21,223 - INFO - Trigger conditions not met.
2023-10-13 18:46:21,224 - INFO - Checking data point 363/484...
2023-10-13 18:46:21,224 - INFO - Trigger conditions not met.
2023-10-13 18:46:21,225 - INFO - Checking data point 364/484...
2023-10-13 18:46:21,225 - INFO - Trigger conditions not met.
2023-10-13 18:46:21,225 - INFO - Checking data point 365/484...
2023-10-13 18:46:21,226 - INFO - Trigger conditions not met.
2023-10-13 18:46:21,226 - INFO - Checking data point 366/484...
2023-10-13 18:46:21,227 - INFO - Trigger conditions not met.
2023-10-13 18:46:21,227 - INFO - Checking data point 367/484...
2023-10-13 18:46:21,228 - INFO - Trigger conditions not met.
2023-10-13 18:46:21,228 - INFO - Checking data point 368/484...
2023-10-13 18:46:21,229 - INFO - Trigger conditions not met.
2023-10-13 18:46:21,229 - INFO - Checking data point 369/484...
2023-10-13 18:46:21,230 - INFO - Trigger conditions not met.
2023-10-13 18:46:21,230 - INFO - Checking data point 370/484...
2023-10-13 18:46:21,231 - INFO - Trigger conditions not met.
2023-10-13 18:46:21,231 - INFO - Checking data point 371/484...
2023-10-13 18:46:21,232 - INFO - Trigger conditions not met.
2023-10-13 18:46:21,232 - INFO - Checking data point 372/484...
2023-10-13 18:46:21,233 - INFO - Trigger conditions not met.
2023-10-13 18:46:21,233 - INFO - Checking data point 373/484...
2023-10-13 18:46:21,233 - INFO - Trigger conditions not met.
2023-10-13 18:46:21,234 - INFO - Checking data point 374/484...
2023-10-13 18:46:21,234 - INFO - Trigger conditions not met.
2023-10-13 18:46:21,235 - INFO - Checking data point 375/484...
2023-10-13 18:46:21,235 - INFO - Trigger conditions not met.
2023-10-13 18:46:21,236 - INFO - Checking data point 376/484...
2023-10-13 18:46:21,236 - INFO - Trigger conditions not met.
2023-10-13 18:46:21,237 - INFO - Checking data point 377/484...
2023-10-13 18:46:21,237 - INFO - Trigger conditions not met.
2023-10-13 18:46:21,238 - INFO - Checking data point 378/484...
2023-10-13 18:46:21,238 - INFO - Trigger conditions not met.
2023-10-13 18:46:21,239 - INFO - Checking data point 379/484...
2023-10-13 18:46:21,239 - INFO - Trigger conditions not met.
2023-10-13 18:46:21,240 - INFO - Checking data point 380/484...
2023-10-13 18:46:21,240 - INFO - Trigger conditions not met.
2023-10-13 18:46:21,240 - INFO - Checking data point 381/484...
2023-10-13 18:46:21,241 - INFO - Trigger conditions not met.
2023-10-13 18:46:21,241 - INFO - Checking data point 382/484...
2023-10-13 18:46:21,242 - INFO - Trigger conditions not met.
2023-10-13 18:46:21,242 - INFO - Checking data point 383/484...
2023-10-13 18:46:21,243 - INFO - Trigger conditions not met.
2023-10-13 18:46:21,243 - INFO - Checking data point 384/484...
2023-10-13 18:46:21,244 - INFO - Trigger conditions not met.
2023-10-13 18:46:21,244 - INFO - Checking data point 385/484...
2023-10-13 18:46:21,244 - INFO - Trigger conditions not met.
2023-10-13 18:46:21,245 - INFO - Checking data point 386/484...
2023-10-13 18:46:21,246 - INFO - Trigger conditions not met.
2023-10-13 18:46:21,246 - INFO - Checking data point 387/484...
2023-10-13 18:46:21,247 - INFO - Trigger conditions not met.
2023-10-13 18:46:21,247 - INFO - Checking data point 388/484...
2023-10-13 18:46:21,248 - INFO - Trigger conditions not met.
2023-10-13 18:46:21,248 - INFO - Checking data point 389/484...
2023-10-13 18:46:21,248 - INFO - Trigger conditions not met.
2023-10-13 18:46:21,249 - INFO - Checking data point 390/484...
2023-10-13 18:46:21,249 - INFO - Trigger conditions not met.
2023-10-13 18:46:21,250 - INFO - Checking data point 391/484...
2023-10-13 18:46:21,250 - INFO - Trigger conditions not met.
2023-10-13 18:46:21,251 - INFO - Checking data point 392/484...
2023-10-13 18:46:21,251 - INFO - Trigger condition met at 2023-10-13 17:17:00-07:00
2023-10-13 18:46:21,252 - INFO - Checking data point 393/484...
2023-10-13 18:46:21,252 - INFO - Trigger conditions previously met, checking entry conditions.
2023-10-13 18:46:21,252 - INFO - Entry conditions not met.
2023-10-13 18:46:21,253 - INFO - Trigger conditions not met.
2023-10-13 18:46:21,253 - INFO - Checking data point 394/484...
2023-10-13 18:46:21,254 - INFO - Trigger conditions not met.
2023-10-13 18:46:21,254 - INFO - Checking data point 395/484...
2023-10-13 18:46:21,254 - INFO - Trigger conditions not met.
2023-10-13 18:46:21,255 - INFO - Checking data point 396/484...
2023-10-13 18:46:21,255 - INFO - Trigger conditions not met.
2023-10-13 18:46:21,256 - INFO - Checking data point 397/484...
2023-10-13 18:46:21,256 - INFO - Trigger condition met at 2023-10-13 17:22:00-07:00
2023-10-13 18:46:21,257 - INFO - Checking data point 398/484...
2023-10-13 18:46:21,257 - INFO - Trigger conditions previously met, checking entry conditions.
2023-10-13 18:46:21,257 - INFO - Entry conditions not met.
2023-10-13 18:46:21,257 - INFO - Trigger conditions not met.
2023-10-13 18:46:21,258 - INFO - Checking data point 399/484...
2023-10-13 18:46:21,258 - INFO - Trigger conditions not met.
2023-10-13 18:46:21,259 - INFO - Checking data point 400/484...
2023-10-13 18:46:21,259 - INFO - Trigger conditions not met.
2023-10-13 18:46:21,260 - INFO - Checking data point 401/484...
2023-10-13 18:46:21,260 - INFO - Trigger conditions not met.
2023-10-13 18:46:21,261 - INFO - Checking data point 402/484...
2023-10-13 18:46:21,261 - INFO - Trigger conditions not met.
2023-10-13 18:46:21,262 - INFO - Checking data point 403/484...
2023-10-13 18:46:21,262 - INFO - Trigger conditions not met.
2023-10-13 18:46:21,263 - INFO - Checking data point 404/484...
2023-10-13 18:46:21,263 - INFO - Trigger conditions not met.
2023-10-13 18:46:21,264 - INFO - Checking data point 405/484...
2023-10-13 18:46:21,264 - INFO - Trigger conditions not met.
2023-10-13 18:46:21,265 - INFO - Checking data point 406/484...
2023-10-13 18:46:21,265 - INFO - Trigger conditions not met.
2023-10-13 18:46:21,266 - INFO - Checking data point 407/484...
2023-10-13 18:46:21,266 - INFO - Trigger conditions not met.
2023-10-13 18:46:21,267 - INFO - Checking data point 408/484...
2023-10-13 18:46:21,267 - INFO - Trigger conditions not met.
2023-10-13 18:46:21,268 - INFO - Checking data point 409/484...
2023-10-13 18:46:21,268 - INFO - Trigger conditions not met.
2023-10-13 18:46:21,268 - INFO - Checking data point 410/484...
2023-10-13 18:46:21,269 - INFO - Trigger conditions not met.
2023-10-13 18:46:21,269 - INFO - Checking data point 411/484...
2023-10-13 18:46:21,269 - INFO - Trigger conditions not met.
2023-10-13 18:46:21,270 - INFO - Checking data point 412/484...
2023-10-13 18:46:21,270 - INFO - Trigger conditions not met.
2023-10-13 18:46:21,271 - INFO - Checking data point 413/484...
2023-10-13 18:46:21,271 - INFO - Trigger conditions not met.
2023-10-13 18:46:21,271 - INFO - Checking data point 414/484...
2023-10-13 18:46:21,272 - INFO - Trigger conditions not met.
2023-10-13 18:46:21,272 - INFO - Checking data point 415/484...
2023-10-13 18:46:21,272 - INFO - Trigger conditions not met.
2023-10-13 18:46:21,273 - INFO - Checking data point 416/484...
2023-10-13 18:46:21,273 - INFO - Trigger conditions not met.
2023-10-13 18:46:21,273 - INFO - Checking data point 417/484...
2023-10-13 18:46:21,274 - INFO - Trigger conditions not met.
2023-10-13 18:46:21,274 - INFO - Checking data point 418/484...
2023-10-13 18:46:21,274 - INFO - Trigger conditions not met.
2023-10-13 18:46:21,275 - INFO - Checking data point 419/484...
2023-10-13 18:46:21,275 - INFO - Trigger conditions not met.
2023-10-13 18:46:21,276 - INFO - Checking data point 420/484...
2023-10-13 18:46:21,276 - INFO - Trigger conditions not met.
2023-10-13 18:46:21,276 - INFO - Checking data point 421/484...
2023-10-13 18:46:21,277 - INFO - Trigger conditions not met.
2023-10-13 18:46:21,277 - INFO - Checking data point 422/484...
2023-10-13 18:46:21,277 - INFO - Trigger conditions not met.
2023-10-13 18:46:21,278 - INFO - Checking data point 423/484...
2023-10-13 18:46:21,278 - INFO - Trigger conditions not met.
2023-10-13 18:46:21,279 - INFO - Checking data point 424/484...
2023-10-13 18:46:21,279 - INFO - Trigger conditions not met.
2023-10-13 18:46:21,279 - INFO - Checking data point 425/484...
2023-10-13 18:46:21,280 - INFO - Trigger conditions not met.
2023-10-13 18:46:21,280 - INFO - Checking data point 426/484...
2023-10-13 18:46:21,280 - INFO - Trigger conditions not met.
2023-10-13 18:46:21,281 - INFO - Checking data point 427/484...
2023-10-13 18:46:21,281 - INFO - Trigger conditions not met.
2023-10-13 18:46:21,282 - INFO - Checking data point 428/484...
2023-10-13 18:46:21,282 - INFO - Trigger conditions not met.
2023-10-13 18:46:21,282 - INFO - Checking data point 429/484...
2023-10-13 18:46:21,283 - INFO - Trigger conditions not met.
2023-10-13 18:46:21,283 - INFO - Checking data point 430/484...
2023-10-13 18:46:21,283 - INFO - Trigger conditions not met.
2023-10-13 18:46:21,284 - INFO - Checking data point 431/484...
2023-10-13 18:46:21,284 - INFO - Trigger conditions not met.
2023-10-13 18:46:21,285 - INFO - Checking data point 432/484...
2023-10-13 18:46:21,285 - INFO - Trigger conditions not met.
2023-10-13 18:46:21,286 - INFO - Checking data point 433/484...
2023-10-13 18:46:21,286 - INFO - Trigger conditions not met.
2023-10-13 18:46:21,286 - INFO - Checking data point 434/484...
2023-10-13 18:46:21,287 - INFO - Trigger conditions not met.
2023-10-13 18:46:21,287 - INFO - Checking data point 435/484...
2023-10-13 18:46:21,287 - INFO - Trigger conditions not met.
2023-10-13 18:46:21,288 - INFO - Checking data point 436/484...
2023-10-13 18:46:21,288 - INFO - Trigger conditions not met.
2023-10-13 18:46:21,288 - INFO - Checking data point 437/484...
2023-10-13 18:46:21,289 - INFO - Trigger conditions not met.
2023-10-13 18:46:21,290 - INFO - Checking data point 438/484...
2023-10-13 18:46:21,290 - INFO - Trigger conditions not met.
2023-10-13 18:46:21,290 - INFO - Checking data point 439/484...
2023-10-13 18:46:21,291 - INFO - Trigger conditions not met.
2023-10-13 18:46:21,291 - INFO - Checking data point 440/484...
2023-10-13 18:46:21,291 - INFO - Trigger conditions not met.
2023-10-13 18:46:21,292 - INFO - Checking data point 441/484...
2023-10-13 18:46:21,292 - INFO - Trigger conditions not met.
2023-10-13 18:46:21,293 - INFO - Checking data point 442/484...
2023-10-13 18:46:21,293 - INFO - Trigger conditions not met.
2023-10-13 18:46:21,293 - INFO - Checking data point 443/484...
2023-10-13 18:46:21,294 - INFO - Trigger conditions not met.
2023-10-13 18:46:21,294 - INFO - Checking data point 444/484...
2023-10-13 18:46:21,294 - INFO - Trigger conditions not met.
2023-10-13 18:46:21,295 - INFO - Checking data point 445/484...
2023-10-13 18:46:21,295 - INFO - Trigger conditions not met.
2023-10-13 18:46:21,296 - INFO - Checking data point 446/484...
2023-10-13 18:46:21,296 - INFO - Trigger conditions not met.
2023-10-13 18:46:21,296 - INFO - Checking data point 447/484...
2023-10-13 18:46:21,297 - INFO - Trigger conditions not met.
2023-10-13 18:46:21,297 - INFO - Checking data point 448/484...
2023-10-13 18:46:21,297 - INFO - Trigger conditions not met.
2023-10-13 18:46:21,298 - INFO - Checking data point 449/484...
2023-10-13 18:46:21,298 - INFO - Trigger conditions not met.
2023-10-13 18:46:21,298 - INFO - Checking data point 450/484...
2023-10-13 18:46:21,299 - INFO - Trigger conditions not met.
2023-10-13 18:46:21,299 - INFO - Checking data point 451/484...
2023-10-13 18:46:21,300 - INFO - Trigger condition met at 2023-10-13 18:16:00-07:00
2023-10-13 18:46:21,300 - INFO - Checking data point 452/484...
2023-10-13 18:46:21,300 - INFO - Trigger conditions previously met, checking entry conditions.
2023-10-13 18:46:21,300 - INFO - Entry conditions not met.
2023-10-13 18:46:21,301 - INFO - Trigger conditions not met.
2023-10-13 18:46:21,301 - INFO - Checking data point 453/484...
2023-10-13 18:46:21,301 - INFO - Trigger conditions not met.
2023-10-13 18:46:21,302 - INFO - Checking data point 454/484...
2023-10-13 18:46:21,302 - INFO - Trigger conditions not met.
2023-10-13 18:46:21,302 - INFO - Checking data point 455/484...
2023-10-13 18:46:21,303 - INFO - Trigger condition met at 2023-10-13 18:20:00-07:00
2023-10-13 18:46:21,303 - INFO - Checking data point 456/484...
2023-10-13 18:46:21,303 - INFO - Trigger conditions previously met, checking entry conditions.
2023-10-13 18:46:21,303 - INFO - Entry conditions not met.
2023-10-13 18:46:21,304 - INFO - Trigger conditions not met.
2023-10-13 18:46:21,304 - INFO - Checking data point 457/484...
2023-10-13 18:46:21,304 - INFO - Trigger conditions not met.
2023-10-13 18:46:21,305 - INFO - Checking data point 458/484...
2023-10-13 18:46:21,305 - INFO - Trigger conditions not met.
2023-10-13 18:46:21,305 - INFO - Checking data point 459/484...
2023-10-13 18:46:21,306 - INFO - Trigger conditions not met.
2023-10-13 18:46:21,306 - INFO - Checking data point 460/484...
2023-10-13 18:46:21,306 - INFO - Trigger conditions not met.
2023-10-13 18:46:21,307 - INFO - Checking data point 461/484...
2023-10-13 18:46:21,307 - INFO - Trigger conditions not met.
2023-10-13 18:46:21,308 - INFO - Checking data point 462/484...
2023-10-13 18:46:21,308 - INFO - Trigger condition met at 2023-10-13 18:27:00-07:00
2023-10-13 18:46:21,308 - INFO - Checking data point 463/484...
2023-10-13 18:46:21,309 - INFO - Trigger conditions previously met, checking entry conditions.
2023-10-13 18:46:21,309 - INFO - Entry conditions not met.
2023-10-13 18:46:21,309 - INFO - Trigger conditions not met.
2023-10-13 18:46:21,309 - INFO - Checking data point 464/484...
2023-10-13 18:46:21,310 - INFO - Trigger condition met at 2023-10-13 18:29:00-07:00
2023-10-13 18:46:21,310 - INFO - Checking data point 465/484...
2023-10-13 18:46:21,310 - INFO - Trigger conditions previously met, checking entry conditions.
2023-10-13 18:46:21,310 - INFO - Entry conditions not met.
2023-10-13 18:46:21,311 - INFO - Trigger conditions not met.
2023-10-13 18:46:21,311 - INFO - Checking data point 466/484...
2023-10-13 18:46:21,311 - INFO - Trigger conditions not met.
2023-10-13 18:46:21,312 - INFO - Checking data point 467/484...
2023-10-13 18:46:21,313 - INFO - Trigger conditions not met.
2023-10-13 18:46:21,313 - INFO - Checking data point 468/484...
2023-10-13 18:46:21,313 - INFO - Trigger conditions not met.
2023-10-13 18:46:21,314 - INFO - Checking data point 469/484...
2023-10-13 18:46:21,314 - INFO - Trigger conditions not met.
2023-10-13 18:46:21,314 - INFO - Checking data point 470/484...
2023-10-13 18:46:21,315 - INFO - Trigger conditions not met.
2023-10-13 18:46:21,315 - INFO - Checking data point 471/484...
2023-10-13 18:46:21,315 - INFO - Trigger conditions not met.
2023-10-13 18:46:21,316 - INFO - Checking data point 472/484...
2023-10-13 18:46:21,316 - INFO - Trigger conditions not met.
2023-10-13 18:46:21,316 - INFO - Checking data point 473/484...
2023-10-13 18:46:21,317 - INFO - Trigger conditions not met.
2023-10-13 18:46:21,317 - INFO - Checking data point 474/484...
2023-10-13 18:46:21,317 - INFO - Trigger conditions not met.
2023-10-13 18:46:21,318 - INFO - Checking data point 475/484...
2023-10-13 18:46:21,318 - INFO - Trigger conditions not met.
2023-10-13 18:46:21,319 - INFO - Checking data point 476/484...
2023-10-13 18:46:21,319 - INFO - Trigger conditions not met.
2023-10-13 18:46:21,320 - INFO - Checking data point 477/484...
2023-10-13 18:46:21,320 - INFO - Trigger conditions not met.
2023-10-13 18:46:21,320 - INFO - Checking data point 478/484...
2023-10-13 18:46:21,321 - INFO - Trigger conditions not met.
2023-10-13 18:46:21,321 - INFO - Checking data point 479/484...
2023-10-13 18:46:21,321 - INFO - Trigger conditions not met.
2023-10-13 18:46:21,322 - INFO - Checking data point 480/484...
2023-10-13 18:46:21,322 - INFO - Trigger conditions not met.
2023-10-13 18:46:21,323 - INFO - Checking data point 481/484...
2023-10-13 18:46:21,323 - INFO - Trigger conditions not met.
2023-10-13 18:46:21,323 - INFO - Checking data point 482/484...
2023-10-13 18:46:21,324 - INFO - Trigger conditions not met.
2023-10-13 18:46:21,326 - INFO - Checking data point 483/484...
2023-10-13 18:46:21,327 - INFO - Trigger conditions not met.
2023-10-13 18:46:21,329 - INFO - Checking data point 484/484...
2023-10-13 18:46:21,329 - INFO - Trigger conditions not met.
2023-10-13 18:46:21,329 - INFO - Backtest completed.
2023-10-13 18:46:22,511 - INFO - Converting to dataframe...
2023-10-13 19:01:49,799 - INFO - Converting to dataframe...
2023-10-13 19:01:49,946 - INFO - Converting to dataframe...
2023-10-13 19:01:51,899 - INFO - Converting to dataframe...
2023-10-13 19:01:52,365 - INFO - Converting to dataframe...
2023-10-13 19:01:54,873 - INFO - Converting to dataframe...
2023-10-13 19:01:57,339 - INFO - Converting to dataframe...
2023-10-13 19:02:02,381 - INFO - Converting to dataframe...
2023-10-13 19:02:02,727 - INFO - Converting to dataframe...
2023-10-13 19:02:07,095 - INFO - Converting to dataframe...
2023-10-13 19:02:07,729 - INFO - Converting to dataframe...
2023-10-13 19:02:07,886 - INFO - Converting to dataframe...
2023-10-13 19:02:08,305 - INFO - Converting to dataframe...
2023-10-13 19:02:12,111 - INFO - Converting to dataframe...
2023-10-13 19:02:15,282 - INFO - Converting to dataframe...
2023-10-13 19:02:15,375 - INFO - Converting to dataframe...
2023-10-13 19:02:15,643 - INFO - Converting to dataframe...
2023-10-13 19:02:35,429 - INFO - Converting to dataframe...
2023-10-13 19:02:35,609 - INFO - Converting to dataframe...
2023-10-13 19:02:36,095 - INFO - Converting to dataframe...
2023-10-13 19:02:37,290 - INFO - Converting to dataframe...
2023-10-13 19:02:38,463 - INFO - Converting to dataframe...
2023-10-13 19:02:42,474 - INFO - Converting to dataframe...
2023-10-13 19:02:44,499 - INFO - Converting to dataframe...
2023-10-13 19:02:46,953 - INFO - Converting to dataframe...
2023-10-13 19:02:47,297 - INFO - Converting to dataframe...
2023-10-13 19:02:49,913 - INFO - Converting to dataframe...
2023-10-13 19:02:53,744 - INFO - Converting to dataframe...
2023-10-13 19:02:54,033 - INFO - Converting to dataframe...
2023-10-13 19:02:56,261 - INFO - Converting to dataframe...
2023-10-13 19:02:58,300 - INFO - Converting to dataframe...
2023-10-13 19:02:59,564 - INFO - Converting to dataframe...
2023-10-13 19:06:11,617 - INFO - Converting to dataframe...
2023-10-13 19:06:13,421 - INFO - Converting to dataframe...
2023-10-13 19:06:13,438 - INFO - Converting to dataframe...
2023-10-13 19:06:14,982 - INFO - Converting to dataframe...
2023-10-13 19:06:15,038 - INFO - Converting to dataframe...
2023-10-13 19:06:15,905 - INFO - Converting to dataframe...
2023-10-13 19:06:15,970 - INFO - Converting to dataframe...
2023-10-13 19:06:16,182 - INFO - Converting to dataframe...
2023-10-13 19:06:16,900 - INFO - Converting to dataframe...
2023-10-13 19:06:16,931 - INFO - Converting to dataframe...
2023-10-13 19:06:17,038 - INFO - Converting to dataframe...
2023-10-13 19:06:17,288 - INFO - Converting to dataframe...
2023-10-13 19:06:18,095 - INFO - Converting to dataframe...
2023-10-13 19:06:18,699 - INFO - Converting to dataframe...
2023-10-13 19:06:19,797 - INFO - Converting to dataframe...
2023-10-13 19:06:20,693 - INFO - Converting to dataframe...
2023-10-13 19:06:20,951 - INFO - Converting to dataframe...
2023-10-13 19:06:22,130 - INFO - Converting to dataframe...
2023-10-13 19:06:25,486 - INFO - Converting to dataframe...
2023-10-13 19:06:25,728 - INFO - Converting to dataframe...
2023-10-13 19:06:26,377 - INFO - Converting to dataframe...
2023-10-13 19:06:28,709 - INFO - Converting to dataframe...
2023-10-13 19:06:28,920 - INFO - Converting to dataframe...
2023-10-13 19:06:29,391 - INFO - Converting to dataframe...
2023-10-13 19:06:30,456 - INFO - Converting to dataframe...
2023-10-13 19:06:31,043 - INFO - Converting to dataframe...
2023-10-13 19:06:32,426 - INFO - Converting to dataframe...
2023-10-13 19:06:32,759 - INFO - Converting to dataframe...
2023-10-13 19:06:33,272 - INFO - Converting to dataframe...
2023-10-13 19:06:34,985 - INFO - Converting to dataframe...
2023-10-13 19:06:35,113 - INFO - Converting to dataframe...
2023-10-13 19:06:35,535 - INFO - Converting to dataframe...
2023-10-13 19:06:36,941 - INFO - Converting to dataframe...
2023-10-13 19:06:38,404 - INFO - Converting to dataframe...
2023-10-13 19:06:38,605 - INFO - Converting to dataframe...
2023-10-13 19:06:38,750 - INFO - Converting to dataframe...
2023-10-13 19:06:39,146 - INFO - Converting to dataframe...
2023-10-13 19:06:39,558 - INFO - Converting to dataframe...
2023-10-13 19:06:39,950 - INFO - Converting to dataframe...
2023-10-13 19:06:40,616 - INFO - Converting to dataframe...
2023-10-13 19:06:41,110 - INFO - Converting to dataframe...
2023-10-13 19:06:41,463 - INFO - Converting to dataframe...
2023-10-13 19:06:42,271 - INFO - Converting to dataframe...
2023-10-13 19:06:45,541 - INFO - Converting to dataframe...
2023-10-13 19:06:46,947 - INFO - Converting to dataframe...
2023-10-13 19:06:47,160 - INFO - Converting to dataframe...
2023-10-13 19:06:48,206 - INFO - Converting to dataframe...
2023-10-13 19:06:48,856 - INFO - Converting to dataframe...
2023-10-13 19:06:50,317 - INFO - Converting to dataframe...
2023-10-13 19:06:51,770 - INFO - Converting to dataframe...
2023-10-13 19:06:52,129 - INFO - Converting to dataframe...
2023-10-13 19:06:52,879 - INFO - Converting to dataframe...
2023-10-13 19:06:54,177 - INFO - Converting to dataframe...
2023-10-13 19:06:55,708 - INFO - Converting to dataframe...
2023-10-13 19:06:55,797 - INFO - Converting to dataframe...
2023-10-13 19:06:55,936 - INFO - Converting to dataframe...
2023-10-13 19:06:59,210 - INFO - Converting to dataframe...
2023-10-13 19:06:59,334 - INFO - Converting to dataframe...
2023-10-13 19:07:00,324 - INFO - Converting to dataframe...
2023-10-13 19:07:00,462 - INFO - Converting to dataframe...
2023-10-13 19:07:02,320 - INFO - Converting to dataframe...
2023-10-13 19:07:02,930 - INFO - Converting to dataframe...
2023-10-13 19:07:03,177 - INFO - Converting to dataframe...
2023-10-13 19:07:04,296 - INFO - Converting to dataframe...
2023-10-13 19:07:06,696 - INFO - Converting to dataframe...
2023-10-13 19:07:07,699 - INFO - Converting to dataframe...
2023-10-13 19:07:08,409 - INFO - Converting to dataframe...
2023-10-13 19:07:08,550 - INFO - Converting to dataframe...
2023-10-13 19:07:11,479 - INFO - Converting to dataframe...
2023-10-13 19:07:12,878 - INFO - Converting to dataframe...
2023-10-13 19:07:14,746 - INFO - Converting to dataframe...
2023-10-13 19:07:14,786 - INFO - Converting to dataframe...
2023-10-13 19:07:16,141 - INFO - Converting to dataframe...
2023-10-13 19:07:16,399 - INFO - Converting to dataframe...
2023-10-13 19:07:16,945 - INFO - Converting to dataframe...
2023-10-13 19:07:19,262 - INFO - Converting to dataframe...
2023-10-13 19:07:24,411 - INFO - Converting to dataframe...
2023-10-13 19:07:26,526 - INFO - Converting to dataframe...
2023-10-13 19:07:28,124 - INFO - Converting to dataframe...
2023-10-13 19:07:28,221 - INFO - Converting to dataframe...
2023-10-13 19:07:28,277 - INFO - Converting to dataframe...
2023-10-13 19:07:28,990 - INFO - Converting to dataframe...
2023-10-13 19:07:30,241 - INFO - Converting to dataframe...
2023-10-13 19:07:31,211 - INFO - Converting to dataframe...
2023-10-13 19:07:31,256 - INFO - Converting to dataframe...
2023-10-13 19:07:31,291 - INFO - Converting to dataframe...
2023-10-13 19:07:31,429 - INFO - Converting to dataframe...
2023-10-13 19:07:32,755 - INFO - Converting to dataframe...
2023-10-13 19:07:33,252 - INFO - Converting to dataframe...
2023-10-13 19:07:33,499 - INFO - Converting to dataframe...
2023-10-13 19:07:33,607 - INFO - Converting to dataframe...
2023-10-13 19:07:34,457 - INFO - Converting to dataframe...
2023-10-13 19:07:34,562 - INFO - Converting to dataframe...
2023-10-13 19:07:34,667 - INFO - Converting to dataframe...
2023-10-13 19:07:34,703 - INFO - Converting to dataframe...
2023-10-13 19:07:34,751 - INFO - Converting to dataframe...
2023-10-13 19:07:34,813 - INFO - Converting to dataframe...
2023-10-13 19:07:35,623 - INFO - Converting to dataframe...
2023-10-13 19:07:35,987 - INFO - Converting to dataframe...
2023-10-13 19:07:36,681 - INFO - Converting to dataframe...
2023-10-13 19:07:36,814 - INFO - Converting to dataframe...
2023-10-13 19:07:37,691 - INFO - Converting to dataframe...
2023-10-13 19:07:39,092 - INFO - Converting to dataframe...
2023-10-13 19:07:39,128 - INFO - Converting to dataframe...
2023-10-13 19:07:39,535 - INFO - Converting to dataframe...
2023-10-13 19:07:42,034 - INFO - Converting to dataframe...
2023-10-13 19:07:42,248 - INFO - Converting to dataframe...
2023-10-13 19:07:43,078 - INFO - Converting to dataframe...
2023-10-13 19:07:44,144 - INFO - Converting to dataframe...
2023-10-13 19:07:45,068 - INFO - Converting to dataframe...
2023-10-13 19:07:46,230 - INFO - Converting to dataframe...
2023-10-13 19:07:46,371 - INFO - Converting to dataframe...
2023-10-13 19:07:47,065 - INFO - Converting to dataframe...
2023-10-13 19:07:47,162 - INFO - Converting to dataframe...
2023-10-13 19:07:47,389 - INFO - Converting to dataframe...
2023-10-13 19:07:47,589 - INFO - Converting to dataframe...
2023-10-13 19:07:49,637 - INFO - Converting to dataframe...
2023-10-13 19:07:49,788 - INFO - Converting to dataframe...
2023-10-13 19:07:49,840 - INFO - Converting to dataframe...
2023-10-13 19:07:51,502 - INFO - Converting to dataframe...
2023-10-13 19:07:53,371 - INFO - Converting to dataframe...
2023-10-13 19:07:54,109 - INFO - Converting to dataframe...
2023-10-13 19:07:56,085 - INFO - Converting to dataframe...
2023-10-13 19:07:59,541 - INFO - Converting to dataframe...
2023-10-13 19:08:00,389 - INFO - Converting to dataframe...
2023-10-13 19:08:01,854 - INFO - Converting to dataframe...
2023-10-13 19:08:02,107 - INFO - Converting to dataframe...
2023-10-13 19:08:02,720 - INFO - Converting to dataframe...
2023-10-13 19:08:03,511 - INFO - Converting to dataframe...
2023-10-13 19:08:04,456 - INFO - Converting to dataframe...
2023-10-13 19:08:06,169 - INFO - Converting to dataframe...
2023-10-13 19:08:06,301 - INFO - Converting to dataframe...
2023-10-13 19:08:06,722 - INFO - Converting to dataframe...
2023-10-13 19:08:06,768 - INFO - Converting to dataframe...
2023-10-13 19:08:09,042 - INFO - Converting to dataframe...
2023-10-13 19:08:09,135 - INFO - Converting to dataframe...
2023-10-13 19:08:10,781 - INFO - Converting to dataframe...
2023-10-13 19:08:11,192 - INFO - Converting to dataframe...
2023-10-13 19:08:11,909 - INFO - Converting to dataframe...
2023-10-13 19:08:11,999 - INFO - Converting to dataframe...
2023-10-13 19:08:14,344 - INFO - Converting to dataframe...
2023-10-13 19:08:14,650 - INFO - Converting to dataframe...
2023-10-13 19:08:15,764 - INFO - Converting to dataframe...
2023-10-13 19:08:18,307 - INFO - Converting to dataframe...
2023-10-13 19:08:20,892 - INFO - Converting to dataframe...
2023-10-13 19:08:22,847 - INFO - Converting to dataframe...
2023-10-13 19:08:24,466 - INFO - Converting to dataframe...
2023-10-13 19:08:25,768 - INFO - Converting to dataframe...
2023-10-13 19:08:27,926 - INFO - Converting to dataframe...
2023-10-13 19:08:30,583 - INFO - Converting to dataframe...
2023-10-13 19:08:30,872 - INFO - Converting to dataframe...
2023-10-13 19:08:32,597 - INFO - Converting to dataframe...
2023-10-13 19:08:33,742 - INFO - Converting to dataframe...
2023-10-13 19:08:41,358 - INFO - Converting to dataframe...
2023-10-13 19:08:41,373 - INFO - Converting to dataframe...
2023-10-13 19:08:41,724 - INFO - Converting to dataframe...
2023-10-13 19:08:42,504 - INFO - Converting to dataframe...
2023-10-13 19:08:43,334 - INFO - Converting to dataframe...
2023-10-13 19:08:44,597 - INFO - Converting to dataframe...
2023-10-13 19:08:44,794 - INFO - Converting to dataframe...
2023-10-13 19:08:45,502 - INFO - Converting to dataframe...
2023-10-13 19:08:45,549 - INFO - Converting to dataframe...
2023-10-13 19:08:46,255 - INFO - Converting to dataframe...
2023-10-13 19:08:48,266 - INFO - Converting to dataframe...
2023-10-13 19:08:48,608 - INFO - Converting to dataframe...
2023-10-13 19:08:50,499 - INFO - Converting to dataframe...
2023-10-13 19:08:54,619 - INFO - Converting to dataframe...
2023-10-13 19:08:55,393 - INFO - Converting to dataframe...
2023-10-13 19:08:56,658 - INFO - Converting to dataframe...
2023-10-13 19:08:57,106 - INFO - Converting to dataframe...
2023-10-13 19:08:57,365 - INFO - Converting to dataframe...
2023-10-13 19:08:57,607 - INFO - Converting to dataframe...
2023-10-13 19:08:58,275 - INFO - Converting to dataframe...
2023-10-13 19:08:58,366 - INFO - Converting to dataframe...
2023-10-13 19:08:58,417 - INFO - Converting to dataframe...
2023-10-13 19:08:58,535 - INFO - Converting to dataframe...
2023-10-13 19:09:00,191 - INFO - Converting to dataframe...
2023-10-13 19:09:01,355 - INFO - Converting to dataframe...
2023-10-13 19:09:01,550 - INFO - Converting to dataframe...
2023-10-13 19:09:01,829 - INFO - Converting to dataframe...
2023-10-13 19:09:02,240 - INFO - Converting to dataframe...
2023-10-13 19:09:03,964 - INFO - Converting to dataframe...
2023-10-13 19:09:04,806 - INFO - Converting to dataframe...
2023-10-13 19:09:05,635 - INFO - Converting to dataframe...
2023-10-13 19:09:06,424 - INFO - Converting to dataframe...
2023-10-13 19:09:07,215 - INFO - Converting to dataframe...
2023-10-13 19:09:07,997 - INFO - Converting to dataframe...
2023-10-13 19:09:08,802 - INFO - Converting to dataframe...
2023-10-13 19:09:09,623 - INFO - Converting to dataframe...
2023-10-13 19:09:10,413 - INFO - Converting to dataframe...
2023-10-13 19:09:11,225 - INFO - Converting to dataframe...
2023-10-13 19:09:12,012 - INFO - Converting to dataframe...
2023-10-13 19:09:12,791 - INFO - Converting to dataframe...
2023-10-13 19:09:13,609 - INFO - Converting to dataframe...
2023-10-13 19:09:14,448 - INFO - Converting to dataframe...
2023-10-13 19:09:15,275 - INFO - Converting to dataframe...
2023-10-13 19:09:16,941 - INFO - Converting to dataframe...
2023-10-13 19:09:17,870 - INFO - Converting to dataframe...
2023-10-13 19:09:18,694 - INFO - Converting to dataframe...
2023-10-13 19:09:19,479 - INFO - Converting to dataframe...
2023-10-13 19:09:20,251 - INFO - Converting to dataframe...
2023-10-13 19:09:21,053 - INFO - Converting to dataframe...
2023-10-13 19:09:21,932 - INFO - Converting to dataframe...
2023-10-13 19:09:22,755 - INFO - Converting to dataframe...
2023-10-13 19:09:23,609 - INFO - Converting to dataframe...
2023-10-13 19:09:24,393 - INFO - Converting to dataframe...
2023-10-13 19:09:25,287 - INFO - Converting to dataframe...
2023-10-13 19:09:26,064 - INFO - Converting to dataframe...
2023-10-13 19:09:26,880 - INFO - Converting to dataframe...
2023-10-13 19:09:27,655 - INFO - Converting to dataframe...
2023-10-13 19:09:28,457 - INFO - Converting to dataframe...
2023-10-13 19:09:30,110 - INFO - Converting to dataframe...
2023-10-13 19:09:30,945 - INFO - Converting to dataframe...
2023-10-13 19:09:31,710 - INFO - Converting to dataframe...
2023-10-13 19:09:32,496 - INFO - Converting to dataframe...
2023-10-13 19:09:33,284 - INFO - Converting to dataframe...
2023-10-13 19:09:34,093 - INFO - Converting to dataframe...
2023-10-13 19:09:34,874 - INFO - Converting to dataframe...
2023-10-13 19:09:35,650 - INFO - Converting to dataframe...
2023-10-13 19:09:36,420 - INFO - Converting to dataframe...
2023-10-13 19:09:37,223 - INFO - Converting to dataframe...
2023-10-13 19:09:38,048 - INFO - Converting to dataframe...
2023-10-13 19:09:38,851 - INFO - Converting to dataframe...
2023-10-13 19:09:39,647 - INFO - Converting to dataframe...
2023-10-13 19:09:40,427 - INFO - Converting to dataframe...
2023-10-13 19:09:41,272 - INFO - Converting to dataframe...
2023-10-13 19:09:42,150 - INFO - Converting to dataframe...
2023-10-13 19:09:42,930 - INFO - Converting to dataframe...
2023-10-13 19:09:43,714 - INFO - Converting to dataframe...
2023-10-13 19:09:44,526 - INFO - Converting to dataframe...
2023-10-13 19:09:45,371 - INFO - Converting to dataframe...
2023-10-13 19:09:46,175 - INFO - Converting to dataframe...
2023-10-13 19:09:46,971 - INFO - Converting to dataframe...
2023-10-13 19:09:47,758 - INFO - Converting to dataframe...
2023-10-13 19:09:48,537 - INFO - Converting to dataframe...
2023-10-13 19:09:49,360 - INFO - Converting to dataframe...
2023-10-13 19:09:50,158 - INFO - Converting to dataframe...
2023-10-13 19:09:50,931 - INFO - Converting to dataframe...
2023-10-13 19:09:51,714 - INFO - Converting to dataframe...
2023-10-13 19:09:58,543 - INFO - Converting to dataframe...
2023-10-13 19:09:58,676 - INFO - Converting to dataframe...
2023-10-13 19:10:02,423 - INFO - Converting to dataframe...
2023-10-13 19:10:03,149 - INFO - Converting to dataframe...
2023-10-13 19:10:03,967 - INFO - Converting to dataframe...
2023-10-13 19:11:36,832 - INFO - Converting to dataframe...
2023-10-13 19:11:36,977 - INFO - Converting to dataframe...
2023-10-13 19:11:41,089 - INFO - Converting to dataframe...
2023-10-13 19:11:43,950 - INFO - Converting to dataframe...
